
*** Running vivado
    with args -log hdmi_in_m00_data_fifo_0.vds -m64 -product Vivado -mode batch -messageDb vivado.pb -notrace -source hdmi_in_m00_data_fifo_0.tcl


****** Vivado v2017.2 (64-bit)
  **** SW Build 1909853 on Thu Jun 15 18:39:09 MDT 2017
  **** IP Build 1909766 on Thu Jun 15 19:58:00 MDT 2017
    ** Copyright 1986-2017 Xilinx, Inc. All Rights Reserved.

source hdmi_in_m00_data_fifo_0.tcl -notrace
Starting RTL Elaboration : Time (s): cpu = 00:00:11 ; elapsed = 00:00:13 . Memory (MB): peak = 325.039 ; gain = 81.363
INFO: [Synth 8-638] synthesizing module 'hdmi_in_m00_data_fifo_0' [c:/dev/Git/project_v1/week3/Space_Invaders/hdmi-in.srcs/sources_1/bd/hdmi_in/ip/hdmi_in_m00_data_fifo_0/synth/hdmi_in_m00_data_fifo_0.v:58]
INFO: [Synth 8-638] synthesizing module 'axi_data_fifo_v2_1_12_axi_data_fifo' [c:/dev/Git/project_v1/week3/Space_Invaders/hdmi-in.srcs/sources_1/bd/hdmi_in/ipshared/95b9/hdl/axi_data_fifo_v2_1_vl_rfs.v:1283]
INFO: [Synth 8-256] done synthesizing module 'axi_data_fifo_v2_1_12_axi_data_fifo' (30#1) [c:/dev/Git/project_v1/week3/Space_Invaders/hdmi-in.srcs/sources_1/bd/hdmi_in/ipshared/95b9/hdl/axi_data_fifo_v2_1_vl_rfs.v:1283]
INFO: [Synth 8-256] done synthesizing module 'hdmi_in_m00_data_fifo_0' (31#1) [c:/dev/Git/project_v1/week3/Space_Invaders/hdmi-in.srcs/sources_1/bd/hdmi_in/ip/hdmi_in_m00_data_fifo_0/synth/hdmi_in_m00_data_fifo_0.v:58]
Finished RTL Elaboration : Time (s): cpu = 00:02:37 ; elapsed = 00:02:53 . Memory (MB): peak = 559.188 ; gain = 315.512
Finished RTL Optimization Phase 1 : Time (s): cpu = 00:02:37 ; elapsed = 00:02:54 . Memory (MB): peak = 559.188 ; gain = 315.512
INFO: [Device 21-403] Loading part xc7z010clg400-1
Constraint Validation Runtime : Time (s): cpu = 00:00:00 ; elapsed = 00:00:00.122 . Memory (MB): peak = 666.449 ; gain = 0.000
Finished Constraint Validation : Time (s): cpu = 00:02:59 ; elapsed = 00:03:19 . Memory (MB): peak = 666.449 ; gain = 422.773
Finished Loading Part and Timing Information : Time (s): cpu = 00:02:59 ; elapsed = 00:03:19 . Memory (MB): peak = 666.449 ; gain = 422.773
Finished applying 'set_property' XDC Constraints : Time (s): cpu = 00:02:59 ; elapsed = 00:03:19 . Memory (MB): peak = 666.449 ; gain = 422.773
Finished RTL Optimization Phase 2 : Time (s): cpu = 00:03:02 ; elapsed = 00:03:21 . Memory (MB): peak = 666.449 ; gain = 422.773
Finished Cross Boundary and Area Optimization : Time (s): cpu = 00:03:05 ; elapsed = 00:03:28 . Memory (MB): peak = 666.449 ; gain = 422.773
---------------------------------------------------------------------------------
Start ROM, RAM, DSP and Shift Register Reporting
---------------------------------------------------------------------------------

Distributed RAM: Preliminary Mapping  Report (see note below)
+------------------------------+-----------------------------------------------------------------------------------------------------------+----------------+----------------------+---------------+
|Module Name                   | RTL Object                                                                                                | Inference      | Size (Depth x Width) | Primitives    | 
+------------------------------+-----------------------------------------------------------------------------------------------------------+----------------+----------------------+---------------+
|inst/\gen_fifo.fifo_gen_inst  | inst_fifo_gen/gaxi_full_lite.gwrite_ch.gwach2.axi_wach/grf.rf/gntv_or_sync_fifo.mem/gdm.dm_gen.dm/RAM_reg | User Attribute | 32 x 63              | RAM32M x 11   | 
|inst/\gen_fifo.fifo_gen_inst  | inst_fifo_gen/gaxi_full_lite.gread_ch.grach2.axi_rach/grf.rf/gntv_or_sync_fifo.mem/gdm.dm_gen.dm/RAM_reg  | User Attribute | 32 x 63              | RAM32M x 11   | 
+------------------------------+-----------------------------------------------------------------------------------------------------------+----------------+----------------------+---------------+

Note: The table above is a preliminary report that shows the Distributed RAMs at the current stage of the synthesis flow. Some Distributed RAMs may be reimplemented as non Distributed RAM primitives later in the synthesis flow. Multiple instantiated RAMs are reported only once.
---------------------------------------------------------------------------------
Finished ROM, RAM, DSP and Shift Register Reporting
---------------------------------------------------------------------------------
Finished Applying XDC Timing Constraints : Time (s): cpu = 00:03:29 ; elapsed = 00:03:56 . Memory (MB): peak = 666.449 ; gain = 422.773
Finished Timing Optimization : Time (s): cpu = 00:03:31 ; elapsed = 00:03:58 . Memory (MB): peak = 673.402 ; gain = 429.727
Finished Technology Mapping : Time (s): cpu = 00:03:32 ; elapsed = 00:04:00 . Memory (MB): peak = 678.102 ; gain = 434.426
Finished IO Insertion : Time (s): cpu = 00:03:33 ; elapsed = 00:04:01 . Memory (MB): peak = 678.102 ; gain = 434.426
Finished Renaming Generated Instances : Time (s): cpu = 00:03:33 ; elapsed = 00:04:01 . Memory (MB): peak = 678.102 ; gain = 434.426
Finished Rebuilding User Hierarchy : Time (s): cpu = 00:03:33 ; elapsed = 00:04:02 . Memory (MB): peak = 678.102 ; gain = 434.426
Finished Renaming Generated Ports : Time (s): cpu = 00:03:33 ; elapsed = 00:04:02 . Memory (MB): peak = 678.102 ; gain = 434.426
Finished Handling Custom Attributes : Time (s): cpu = 00:03:34 ; elapsed = 00:04:02 . Memory (MB): peak = 678.102 ; gain = 434.426
Finished Renaming Generated Nets : Time (s): cpu = 00:03:34 ; elapsed = 00:04:02 . Memory (MB): peak = 678.102 ; gain = 434.426

Report Cell Usage: 
+------+---------+------+
|      |Cell     |Count |
+------+---------+------+
|1     |CARRY4   |    11|
|2     |LUT1     |    29|
|3     |LUT2     |    73|
|4     |LUT3     |    34|
|5     |LUT4     |    77|
|6     |LUT5     |    43|
|7     |LUT6     |    33|
|8     |MUXCY    |    40|
|9     |RAM32M   |    22|
|10    |RAMB18E1 |     1|
|11    |RAMB36E1 |     2|
|12    |FDCE     |    53|
|13    |FDPE     |   136|
|14    |FDRE     |   667|
|15    |FDSE     |    10|
+------+---------+------+
Finished Writing Synthesis Report : Time (s): cpu = 00:03:34 ; elapsed = 00:04:02 . Memory (MB): peak = 678.102 ; gain = 434.426
synth_design: Time (s): cpu = 00:03:37 ; elapsed = 00:04:07 . Memory (MB): peak = 678.883 ; gain = 439.840
