19:25:24 INFO  : Registering command handlers for SDK TCF services
19:25:24 INFO  : Launching XSCT server: xsct.bat -interactive C:\dev\Git\week3\Space_Invaders\temp_xsdb_launch_script.tcl
19:25:26 INFO  : XSCT server has started successfully.
19:25:30 INFO  : Successfully done setting XSCT server connection channel  
19:25:30 INFO  : Successfully done setting SDK workspace  
19:31:12 INFO  : Connected to target on host '127.0.0.1' and port '3121'.
19:31:14 INFO  : 'targets -set -filter {jtag_cable_name =~ "Digilent Zybo 210279573139A" && level==0} -index 1' command is executed.
19:31:16 INFO  : FPGA configured successfully with bitstream "C:/dev/Git/week3/Space_Invaders/hdmi-in.sdk/hdmi_in_wrapper_hw_platform_1/hdmi_in_wrapper.bit"
19:31:31 INFO  : Processor reset is completed for ps7_cortexa9_0
19:33:08 INFO  : ps7_cortexa9_0 Processor is in use. Please stop existing Run or Debug sessions before launching.
19:33:09 INFO  : Processor reset is completed for ps7_cortexa9_0
19:34:18 INFO  : ps7_cortexa9_0 Processor is in use. Please stop existing Run or Debug sessions before launching.
19:34:19 INFO  : Processor reset is completed for ps7_cortexa9_0
19:41:29 ERROR : Unexpected error while parsing XMD response ?: com.google.gson.JsonSyntaxException: com.google.gson.stream.MalformedJsonException: invalid number or unquoted string near 
20:23:52 INFO  : Registering command handlers for SDK TCF services
20:23:53 INFO  : Launching XSCT server: xsct.bat -interactive C:\dev\Git\week3\Space_Invaders\temp_xsdb_launch_script.tcl
20:23:55 INFO  : XSCT server has started successfully.
20:24:00 INFO  : Successfully done setting XSCT server connection channel  
20:24:00 INFO  : Successfully done setting SDK workspace  
20:24:18 INFO  : Connected to target on host '127.0.0.1' and port '3121'.
20:24:20 INFO  : 'targets -set -filter {jtag_cable_name =~ "Digilent Zybo 210279573139A" && level==0} -index 1' command is executed.
20:24:21 INFO  : FPGA configured successfully with bitstream "C:/dev/Git/week3/Space_Invaders/hdmi-in.sdk/hdmi_in_wrapper_hw_platform_1/hdmi_in_wrapper.bit"
20:24:43 INFO  : ps7_init is completed.
20:24:43 INFO  : ps7_post_config is completed.
20:24:43 INFO  : Processor reset is completed for ps7_cortexa9_0
20:31:00 INFO  : Processor reset is completed for ps7_cortexa9_0
20:37:19 INFO  : ps7_cortexa9_0 Processor is in use. Please stop existing Run or Debug sessions before launching.
20:37:20 INFO  : Processor reset is completed for ps7_cortexa9_0
20:38:04 INFO  : ps7_cortexa9_0 Processor is in use. Please stop existing Run or Debug sessions before launching.
20:38:05 INFO  : Processor reset is completed for ps7_cortexa9_0
20:39:27 INFO  : ps7_cortexa9_0 Processor is in use. Please stop existing Run or Debug sessions before launching.
20:39:29 INFO  : Processor reset is completed for ps7_cortexa9_0
20:40:24 INFO  : ps7_cortexa9_0 Processor is in use. Please stop existing Run or Debug sessions before launching.
20:40:25 INFO  : Processor reset is completed for ps7_cortexa9_0
20:40:53 INFO  : ps7_cortexa9_0 Processor is in use. Please stop existing Run or Debug sessions before launching.
20:40:54 INFO  : Processor reset is completed for ps7_cortexa9_0
20:44:08 INFO  : Processor reset is completed for ps7_cortexa9_0
20:45:20 INFO  : ps7_cortexa9_0 Processor is in use. Please stop existing Run or Debug sessions before launching.
20:45:21 INFO  : Processor reset is completed for ps7_cortexa9_0
20:45:39 INFO  : ps7_cortexa9_0 Processor is in use. Please stop existing Run or Debug sessions before launching.
20:45:41 INFO  : Processor reset is completed for ps7_cortexa9_0
20:46:48 INFO  : ps7_cortexa9_0 Processor is in use. Please stop existing Run or Debug sessions before launching.
20:46:49 INFO  : Processor reset is completed for ps7_cortexa9_0
20:48:20 INFO  : ps7_cortexa9_0 Processor is in use. Please stop existing Run or Debug sessions before launching.
20:48:21 INFO  : Processor reset is completed for ps7_cortexa9_0
20:49:27 INFO  : ps7_cortexa9_0 Processor is in use. Please stop existing Run or Debug sessions before launching.
20:49:28 INFO  : Processor reset is completed for ps7_cortexa9_0
20:50:19 INFO  : ps7_cortexa9_0 Processor is in use. Please stop existing Run or Debug sessions before launching.
20:50:20 INFO  : Processor reset is completed for ps7_cortexa9_0
20:53:40 INFO  : ps7_cortexa9_0 Processor is in use. Please stop existing Run or Debug sessions before launching.
20:53:41 INFO  : Processor reset is completed for ps7_cortexa9_0
20:54:46 INFO  : ps7_cortexa9_0 Processor is in use. Please stop existing Run or Debug sessions before launching.
20:54:47 INFO  : Processor reset is completed for ps7_cortexa9_0
20:56:01 INFO  : ps7_cortexa9_0 Processor is in use. Please stop existing Run or Debug sessions before launching.
20:56:03 INFO  : Processor reset is completed for ps7_cortexa9_0
20:57:41 INFO  : ps7_cortexa9_0 Processor is in use. Please stop existing Run or Debug sessions before launching.
20:57:43 INFO  : Processor reset is completed for ps7_cortexa9_0
21:06:08 INFO  : ps7_cortexa9_0 Processor is in use. Please stop existing Run or Debug sessions before launching.
21:06:10 INFO  : Processor reset is completed for ps7_cortexa9_0
21:08:07 INFO  : ps7_cortexa9_0 Processor is in use. Please stop existing Run or Debug sessions before launching.
21:08:09 INFO  : Processor reset is completed for ps7_cortexa9_0
21:24:59 INFO  : Processor reset is completed for ps7_cortexa9_0
21:26:00 INFO  : ps7_cortexa9_0 Processor is in use. Please stop existing Run or Debug sessions before launching.
21:26:01 INFO  : Processor reset is completed for ps7_cortexa9_0
21:27:48 INFO  : ps7_cortexa9_0 Processor is in use. Please stop existing Run or Debug sessions before launching.
21:27:50 INFO  : Processor reset is completed for ps7_cortexa9_0
21:28:22 INFO  : ps7_cortexa9_0 Processor is in use. Please stop existing Run or Debug sessions before launching.
21:28:23 INFO  : Processor reset is completed for ps7_cortexa9_0
21:29:04 INFO  : ps7_cortexa9_0 Processor is in use. Please stop existing Run or Debug sessions before launching.
21:29:05 INFO  : Processor reset is completed for ps7_cortexa9_0
21:35:05 INFO  : ps7_cortexa9_0 Processor is in use. Please stop existing Run or Debug sessions before launching.
21:35:06 INFO  : Processor reset is completed for ps7_cortexa9_0
21:36:03 INFO  : ps7_cortexa9_0 Processor is in use. Please stop existing Run or Debug sessions before launching.
21:36:04 INFO  : Processor reset is completed for ps7_cortexa9_0
21:37:34 INFO  : ps7_cortexa9_0 Processor is in use. Please stop existing Run or Debug sessions before launching.
21:37:35 INFO  : Processor reset is completed for ps7_cortexa9_0
21:39:54 INFO  : ps7_cortexa9_0 Processor is in use. Please stop existing Run or Debug sessions before launching.
21:39:54 INFO  : Processor reset is completed for ps7_cortexa9_0
21:41:07 INFO  : ps7_cortexa9_0 Processor is in use. Please stop existing Run or Debug sessions before launching.
21:41:08 INFO  : Processor reset is completed for ps7_cortexa9_0
21:42:26 INFO  : ps7_cortexa9_0 Processor is in use. Please stop existing Run or Debug sessions before launching.
21:42:27 INFO  : Processor reset is completed for ps7_cortexa9_0
21:43:04 INFO  : ps7_cortexa9_0 Processor is in use. Please stop existing Run or Debug sessions before launching.
21:43:05 INFO  : Processor reset is completed for ps7_cortexa9_0
21:47:10 INFO  : ps7_cortexa9_0 Processor is in use. Please stop existing Run or Debug sessions before launching.
21:47:12 INFO  : Processor reset is completed for ps7_cortexa9_0
21:49:20 INFO  : ps7_cortexa9_0 Processor is in use. Please stop existing Run or Debug sessions before launching.
21:49:22 INFO  : Processor reset is completed for ps7_cortexa9_0
21:49:38 INFO  : ps7_cortexa9_0 Processor is in use. Please stop existing Run or Debug sessions before launching.
21:49:39 INFO  : Processor reset is completed for ps7_cortexa9_0
21:50:31 INFO  : ps7_cortexa9_0 Processor is in use. Please stop existing Run or Debug sessions before launching.
21:50:31 INFO  : Processor reset is completed for ps7_cortexa9_0
21:54:54 INFO  : ps7_cortexa9_0 Processor is in use. Please stop existing Run or Debug sessions before launching.
21:54:55 INFO  : Processor reset is completed for ps7_cortexa9_0
21:56:31 INFO  : ps7_cortexa9_0 Processor is in use. Please stop existing Run or Debug sessions before launching.
21:56:33 INFO  : Processor reset is completed for ps7_cortexa9_0
21:57:15 INFO  : ps7_cortexa9_0 Processor is in use. Please stop existing Run or Debug sessions before launching.
21:57:16 INFO  : Processor reset is completed for ps7_cortexa9_0
21:57:59 INFO  : ps7_cortexa9_0 Processor is in use. Please stop existing Run or Debug sessions before launching.
21:58:01 INFO  : Processor reset is completed for ps7_cortexa9_0
21:59:27 INFO  : ps7_cortexa9_0 Processor is in use. Please stop existing Run or Debug sessions before launching.
21:59:28 INFO  : Processor reset is completed for ps7_cortexa9_0
22:02:08 INFO  : ps7_cortexa9_0 Processor is in use. Please stop existing Run or Debug sessions before launching.
22:02:10 INFO  : Processor reset is completed for ps7_cortexa9_0
22:05:04 INFO  : ps7_cortexa9_0 Processor is in use. Please stop existing Run or Debug sessions before launching.
22:05:05 INFO  : Processor reset is completed for ps7_cortexa9_0
22:05:55 INFO  : ps7_cortexa9_0 Processor is in use. Please stop existing Run or Debug sessions before launching.
22:05:56 INFO  : Processor reset is completed for ps7_cortexa9_0
22:07:07 INFO  : ps7_cortexa9_0 Processor is in use. Please stop existing Run or Debug sessions before launching.
22:07:08 INFO  : Processor reset is completed for ps7_cortexa9_0
22:09:44 INFO  : ps7_cortexa9_0 Processor is in use. Please stop existing Run or Debug sessions before launching.
22:09:45 INFO  : Processor reset is completed for ps7_cortexa9_0
22:15:02 INFO  : ps7_cortexa9_0 Processor is in use. Please stop existing Run or Debug sessions before launching.
22:15:03 INFO  : Processor reset is completed for ps7_cortexa9_0
22:16:16 INFO  : ps7_cortexa9_0 Processor is in use. Please stop existing Run or Debug sessions before launching.
22:16:18 INFO  : Processor reset is completed for ps7_cortexa9_0
22:17:47 INFO  : ps7_cortexa9_0 Processor is in use. Please stop existing Run or Debug sessions before launching.
22:17:48 INFO  : Processor reset is completed for ps7_cortexa9_0
22:18:26 INFO  : ps7_cortexa9_0 Processor is in use. Please stop existing Run or Debug sessions before launching.
22:18:29 INFO  : Processor reset is completed for ps7_cortexa9_0
22:19:25 INFO  : ps7_cortexa9_0 Processor is in use. Please stop existing Run or Debug sessions before launching.
22:19:27 INFO  : Processor reset is completed for ps7_cortexa9_0
22:26:20 INFO  : ps7_cortexa9_0 Processor is in use. Please stop existing Run or Debug sessions before launching.
22:26:22 INFO  : Processor reset is completed for ps7_cortexa9_0
22:27:21 INFO  : ps7_cortexa9_0 Processor is in use. Please stop existing Run or Debug sessions before launching.
22:27:23 INFO  : Processor reset is completed for ps7_cortexa9_0
22:28:04 INFO  : ps7_cortexa9_0 Processor is in use. Please stop existing Run or Debug sessions before launching.
22:28:11 INFO  : ps7_cortexa9_0 Processor is in use. Please stop existing Run or Debug sessions before launching.
22:28:13 INFO  : Processor reset is completed for ps7_cortexa9_0
22:33:51 INFO  : ps7_cortexa9_0 Processor is in use. Please stop existing Run or Debug sessions before launching.
22:33:54 INFO  : Processor reset is completed for ps7_cortexa9_0
22:36:06 INFO  : ps7_cortexa9_0 Processor is in use. Please stop existing Run or Debug sessions before launching.
22:36:07 INFO  : Processor reset is completed for ps7_cortexa9_0
22:42:45 INFO  : Processor reset is completed for ps7_cortexa9_0
22:45:29 INFO  : ps7_cortexa9_0 Processor is in use. Please stop existing Run or Debug sessions before launching.
22:45:31 INFO  : Processor reset is completed for ps7_cortexa9_0
22:46:22 INFO  : ps7_cortexa9_0 Processor is in use. Please stop existing Run or Debug sessions before launching.
22:46:24 INFO  : Processor reset is completed for ps7_cortexa9_0
22:50:19 INFO  : Processor reset is completed for ps7_cortexa9_0
22:50:33 INFO  : ps7_cortexa9_0 Processor is in use. Please stop existing Run or Debug sessions before launching.
22:50:35 INFO  : Processor reset is completed for ps7_cortexa9_0
22:55:46 INFO  : ps7_cortexa9_0 Processor is in use. Please stop existing Run or Debug sessions before launching.
22:55:50 INFO  : Processor reset is completed for ps7_cortexa9_0
22:57:47 INFO  : ps7_cortexa9_0 Processor is in use. Please stop existing Run or Debug sessions before launching.
22:57:49 INFO  : Processor reset is completed for ps7_cortexa9_0
22:58:38 INFO  : ps7_cortexa9_0 Processor is in use. Please stop existing Run or Debug sessions before launching.
22:58:40 INFO  : Processor reset is completed for ps7_cortexa9_0
23:00:20 INFO  : ps7_cortexa9_0 Processor is in use. Please stop existing Run or Debug sessions before launching.
23:00:22 INFO  : Processor reset is completed for ps7_cortexa9_0
23:03:29 INFO  : ps7_cortexa9_0 Processor is in use. Please stop existing Run or Debug sessions before launching.
23:03:30 INFO  : Processor reset is completed for ps7_cortexa9_0
23:07:28 INFO  : ps7_cortexa9_0 Processor is in use. Please stop existing Run or Debug sessions before launching.
23:07:30 INFO  : Processor reset is completed for ps7_cortexa9_0
23:09:05 INFO  : ps7_cortexa9_0 Processor is in use. Please stop existing Run or Debug sessions before launching.
23:09:07 INFO  : Processor reset is completed for ps7_cortexa9_0
23:10:15 INFO  : Processor reset is completed for ps7_cortexa9_0
23:17:29 INFO  : Processor reset is completed for ps7_cortexa9_0
23:17:41 INFO  : ps7_cortexa9_0 Processor is in use. Please stop existing Run or Debug sessions before launching.
23:17:43 INFO  : Processor reset is completed for ps7_cortexa9_0
23:18:14 INFO  : ps7_cortexa9_0 Processor is in use. Please stop existing Run or Debug sessions before launching.
23:18:16 INFO  : Processor reset is completed for ps7_cortexa9_0
23:21:28 INFO  : ps7_cortexa9_0 Processor is in use. Please stop existing Run or Debug sessions before launching.
23:21:30 INFO  : Processor reset is completed for ps7_cortexa9_0
23:23:06 INFO  : ps7_cortexa9_0 Processor is in use. Please stop existing Run or Debug sessions before launching.
23:23:08 INFO  : Processor reset is completed for ps7_cortexa9_0
23:23:22 INFO  : ps7_cortexa9_0 Processor is in use. Please stop existing Run or Debug sessions before launching.
23:23:24 INFO  : Processor reset is completed for ps7_cortexa9_0
23:39:49 INFO  : Processor reset is completed for ps7_cortexa9_0
23:40:28 INFO  : ps7_cortexa9_0 Processor is in use. Please stop existing Run or Debug sessions before launching.
23:40:29 INFO  : Processor reset is completed for ps7_cortexa9_0
23:41:35 INFO  : ps7_cortexa9_0 Processor is in use. Please stop existing Run or Debug sessions before launching.
23:41:38 INFO  : Processor reset is completed for ps7_cortexa9_0
23:43:01 INFO  : ps7_cortexa9_0 Processor is in use. Please stop existing Run or Debug sessions before launching.
23:43:02 INFO  : Processor reset is completed for ps7_cortexa9_0
23:43:47 INFO  : ps7_cortexa9_0 Processor is in use. Please stop existing Run or Debug sessions before launching.
23:43:50 INFO  : Processor reset is completed for ps7_cortexa9_0
23:45:01 INFO  : ps7_cortexa9_0 Processor is in use. Please stop existing Run or Debug sessions before launching.
23:45:03 INFO  : Processor reset is completed for ps7_cortexa9_0
23:47:15 INFO  : ps7_cortexa9_0 Processor is in use. Please stop existing Run or Debug sessions before launching.
23:47:17 INFO  : Processor reset is completed for ps7_cortexa9_0
23:47:55 INFO  : Processor reset is completed for ps7_cortexa9_0
23:51:00 INFO  : Processor reset is completed for ps7_cortexa9_0
23:52:47 INFO  : Processor reset is completed for ps7_cortexa9_0
23:54:50 INFO  : Processor reset is completed for ps7_cortexa9_0
23:55:16 INFO  : Processor reset is completed for ps7_cortexa9_0
23:55:29 INFO  : Processor reset is completed for ps7_cortexa9_0
23:55:45 INFO  : Processor reset is completed for ps7_cortexa9_0
23:56:08 INFO  : Processor reset is completed for ps7_cortexa9_0
23:56:14 INFO  : Processor reset is completed for ps7_cortexa9_0
23:56:34 INFO  : Processor reset is completed for ps7_cortexa9_0
00:02:17 ERROR : Unexpected error while parsing XMD response ?: com.google.gson.JsonSyntaxException: com.google.gson.stream.MalformedJsonException: invalid number or unquoted string near 
08:42:51 INFO  : Registering command handlers for SDK TCF services
08:42:51 INFO  : Launching XSCT server: xsct.bat -interactive C:\dev\Git\week3\Space_Invaders\temp_xsdb_launch_script.tcl
08:42:54 INFO  : XSCT server has started successfully.
08:43:00 INFO  : Successfully done setting XSCT server connection channel  
08:43:00 INFO  : Successfully done setting SDK workspace  
08:44:21 INFO  : Connected to target on host '127.0.0.1' and port '3121'.
08:44:23 INFO  : 'targets -set -filter {jtag_cable_name =~ "Digilent Zybo 210279573139A" && level==0} -index 1' command is executed.
08:44:24 INFO  : FPGA configured successfully with bitstream "C:/dev/Git/week3/Space_Invaders/hdmi-in.sdk/hdmi_in_wrapper_hw_platform_1/hdmi_in_wrapper.bit"
08:44:40 INFO  : ps7_init is completed.
08:44:40 INFO  : ps7_post_config is completed.
08:44:40 INFO  : Processor reset is completed for ps7_cortexa9_0
08:59:45 INFO  : Processor reset is completed for ps7_cortexa9_0
09:02:16 INFO  : ps7_cortexa9_0 Processor is in use. Please stop existing Run or Debug sessions before launching.
09:02:18 INFO  : Processor reset is completed for ps7_cortexa9_0
09:03:03 INFO  : ps7_cortexa9_0 Processor is in use. Please stop existing Run or Debug sessions before launching.
09:03:04 INFO  : Processor reset is completed for ps7_cortexa9_0
09:03:35 INFO  : ps7_cortexa9_0 Processor is in use. Please stop existing Run or Debug sessions before launching.
09:03:36 INFO  : Processor reset is completed for ps7_cortexa9_0
09:03:52 INFO  : ps7_cortexa9_0 Processor is in use. Please stop existing Run or Debug sessions before launching.
09:03:54 INFO  : Processor reset is completed for ps7_cortexa9_0
09:04:38 INFO  : ps7_cortexa9_0 Processor is in use. Please stop existing Run or Debug sessions before launching.
09:04:39 INFO  : Processor reset is completed for ps7_cortexa9_0
09:05:19 INFO  : ps7_cortexa9_0 Processor is in use. Please stop existing Run or Debug sessions before launching.
09:05:19 INFO  : Processor reset is completed for ps7_cortexa9_0
09:06:35 INFO  : ps7_cortexa9_0 Processor is in use. Please stop existing Run or Debug sessions before launching.
09:06:36 INFO  : Processor reset is completed for ps7_cortexa9_0
09:07:43 INFO  : ps7_cortexa9_0 Processor is in use. Please stop existing Run or Debug sessions before launching.
09:07:44 INFO  : Processor reset is completed for ps7_cortexa9_0
09:08:04 INFO  : ps7_cortexa9_0 Processor is in use. Please stop existing Run or Debug sessions before launching.
09:08:06 INFO  : Processor reset is completed for ps7_cortexa9_0
10:02:07 INFO  : Processor reset is completed for ps7_cortexa9_0
10:04:09 INFO  : ps7_cortexa9_0 Processor is in use. Please stop existing Run or Debug sessions before launching.
10:04:10 INFO  : Processor reset is completed for ps7_cortexa9_0
10:46:16 INFO  : Processor reset is completed for ps7_cortexa9_0
10:51:59 INFO  : ps7_cortexa9_0 Processor is in use. Please stop existing Run or Debug sessions before launching.
10:52:02 INFO  : Processor reset is completed for ps7_cortexa9_0
10:55:56 INFO  : Processor reset is completed for ps7_cortexa9_0
11:01:16 INFO  : Processor reset is completed for ps7_cortexa9_0
11:03:51 INFO  : Processor reset is completed for ps7_cortexa9_0
11:35:33 INFO  : Processor reset is completed for ps7_cortexa9_0
11:35:37 INFO  : ps7_cortexa9_0 Processor is in use. Please stop existing Run or Debug sessions before launching.
11:36:36 INFO  : ps7_cortexa9_0 Processor is in use. Please stop existing Run or Debug sessions before launching.
11:36:37 INFO  : Processor reset is completed for ps7_cortexa9_0
11:36:55 INFO  : Processor reset is completed for ps7_cortexa9_0
11:37:12 INFO  : Processor reset is completed for ps7_cortexa9_0
11:37:36 INFO  : Processor reset is completed for ps7_cortexa9_0
11:39:53 INFO  : Processor reset is completed for ps7_cortexa9_0
11:40:19 INFO  : Processor reset is completed for ps7_cortexa9_0
11:57:06 INFO  : Processor reset is completed for ps7_cortexa9_0
11:57:22 INFO  : Processor reset is completed for ps7_cortexa9_0
11:58:23 INFO  : Processor reset is completed for ps7_cortexa9_0
11:58:46 INFO  : Processor reset is completed for ps7_cortexa9_0
12:00:04 INFO  : Processor reset is completed for ps7_cortexa9_0
12:00:49 INFO  : Processor reset is completed for ps7_cortexa9_0
12:01:12 INFO  : Processor reset is completed for ps7_cortexa9_0
12:02:26 INFO  : Processor reset is completed for ps7_cortexa9_0
12:03:17 INFO  : Processor reset is completed for ps7_cortexa9_0
12:04:07 INFO  : Processor reset is completed for ps7_cortexa9_0
12:06:49 INFO  : Processor reset is completed for ps7_cortexa9_0
12:07:12 INFO  : Processor reset is completed for ps7_cortexa9_0
12:07:45 INFO  : Processor reset is completed for ps7_cortexa9_0
12:08:06 INFO  : Processor reset is completed for ps7_cortexa9_0
12:26:54 INFO  : Processor reset is completed for ps7_cortexa9_0
12:29:58 INFO  : Processor reset is completed for ps7_cortexa9_0
12:31:01 INFO  : Processor reset is completed for ps7_cortexa9_0
12:31:31 INFO  : Processor reset is completed for ps7_cortexa9_0
12:38:59 INFO  : Processor reset is completed for ps7_cortexa9_0
12:40:20 INFO  : Processor reset is completed for ps7_cortexa9_0
12:40:44 INFO  : ps7_cortexa9_0 Processor is in use. Please stop existing Run or Debug sessions before launching.
12:40:45 INFO  : Processor reset is completed for ps7_cortexa9_0
12:54:46 INFO  : Processor reset is completed for ps7_cortexa9_0
12:55:42 INFO  : Processor reset is completed for ps7_cortexa9_0
13:01:18 INFO  : Processor reset is completed for ps7_cortexa9_0
13:01:37 INFO  : Processor reset is completed for ps7_cortexa9_0
13:03:24 INFO  : Processor reset is completed for ps7_cortexa9_0
13:04:32 INFO  : Processor reset is completed for ps7_cortexa9_0
13:05:28 INFO  : Processor reset is completed for ps7_cortexa9_0
13:07:19 INFO  : Processor reset is completed for ps7_cortexa9_0
13:07:31 INFO  : Processor reset is completed for ps7_cortexa9_0
13:07:51 INFO  : Processor reset is completed for ps7_cortexa9_0
13:12:18 INFO  : Processor reset is completed for ps7_cortexa9_0
13:12:40 INFO  : Processor reset is completed for ps7_cortexa9_0
13:12:50 INFO  : Processor reset is completed for ps7_cortexa9_0
13:13:33 INFO  : Processor reset is completed for ps7_cortexa9_0
13:28:45 INFO  : Processor reset is completed for ps7_cortexa9_0
13:42:49 INFO  : Processor reset is completed for ps7_cortexa9_0
14:07:03 INFO  : Processor reset is completed for ps7_cortexa9_0
14:11:57 INFO  : ps7_cortexa9_0 Processor is in use. Please stop existing Run or Debug sessions before launching.
14:11:59 INFO  : Processor reset is completed for ps7_cortexa9_0
14:13:49 INFO  : Processor reset is completed for ps7_cortexa9_0
14:15:56 INFO  : ps7_cortexa9_0 Processor is in use. Please stop existing Run or Debug sessions before launching.
14:15:57 INFO  : Processor reset is completed for ps7_cortexa9_0
14:16:50 INFO  : ps7_cortexa9_0 Processor is in use. Please stop existing Run or Debug sessions before launching.
14:16:52 INFO  : Processor reset is completed for ps7_cortexa9_0
14:19:09 INFO  : ps7_cortexa9_0 Processor is in use. Please stop existing Run or Debug sessions before launching.
14:19:11 INFO  : Processor reset is completed for ps7_cortexa9_0
14:35:34 INFO  : ps7_cortexa9_0 Processor is in use. Please stop existing Run or Debug sessions before launching.
14:35:36 INFO  : Processor reset is completed for ps7_cortexa9_0
14:46:17 INFO  : ps7_cortexa9_0 Processor is in use. Please stop existing Run or Debug sessions before launching.
14:46:18 INFO  : Processor reset is completed for ps7_cortexa9_0
14:48:46 ERROR : Unexpected error while parsing XMD response ?: com.google.gson.JsonSyntaxException: com.google.gson.stream.MalformedJsonException: invalid number or unquoted string near 
17:25:38 INFO  : Registering command handlers for SDK TCF services
17:25:39 INFO  : Launching XSCT server: xsct.bat -interactive C:\dev\Git\week3\Space_Invaders\temp_xsdb_launch_script.tcl
17:25:42 INFO  : XSCT server has started successfully.
17:25:46 INFO  : Successfully done setting XSCT server connection channel  
17:25:46 INFO  : Successfully done setting SDK workspace  
18:49:38 INFO  : Connected to target on host '127.0.0.1' and port '3121'.
18:49:49 INFO  : 'targets -set -filter {jtag_cable_name =~ "Digilent Zybo 210279573139A" && level==0} -index 1' command is executed.
18:49:50 INFO  : FPGA configured successfully with bitstream "C:/dev/Git/week3/Space_Invaders/hdmi-in.sdk/hdmi_in_wrapper_hw_platform_1/hdmi_in_wrapper.bit"
18:49:59 INFO  : Connected to target on host '127.0.0.1' and port '3121'.
18:49:59 INFO  : 'targets -set -filter {jtag_cable_name =~ "Digilent Zybo 210279573139A" && level==0} -index 1' command is executed.
18:50:01 INFO  : FPGA configured successfully with bitstream "C:/dev/Git/week3/Space_Invaders/hdmi-in.sdk/hdmi_in_wrapper_hw_platform_1/hdmi_in_wrapper.bit"
18:50:20 INFO  : ps7_init is completed.
18:50:20 INFO  : ps7_post_config is completed.
18:50:20 INFO  : Processor reset is completed for ps7_cortexa9_0
19:35:14 INFO  : ps7_cortexa9_0 Processor is in use. Please stop existing Run or Debug sessions before launching.
19:35:15 INFO  : Processor reset is completed for ps7_cortexa9_0
19:36:45 INFO  : ps7_cortexa9_0 Processor is in use. Please stop existing Run or Debug sessions before launching.
19:36:46 INFO  : Processor reset is completed for ps7_cortexa9_0
19:39:16 INFO  : ps7_cortexa9_0 Processor is in use. Please stop existing Run or Debug sessions before launching.
19:39:17 INFO  : Processor reset is completed for ps7_cortexa9_0
19:39:56 INFO  : ps7_cortexa9_0 Processor is in use. Please stop existing Run or Debug sessions before launching.
19:39:57 INFO  : Processor reset is completed for ps7_cortexa9_0
19:40:40 INFO  : ps7_cortexa9_0 Processor is in use. Please stop existing Run or Debug sessions before launching.
19:40:41 INFO  : Processor reset is completed for ps7_cortexa9_0
19:52:15 INFO  : ps7_cortexa9_0 Processor is in use. Please stop existing Run or Debug sessions before launching.
19:52:17 INFO  : Processor reset is completed for ps7_cortexa9_0
20:04:40 INFO  : ps7_cortexa9_0 Processor is in use. Please stop existing Run or Debug sessions before launching.
20:04:41 INFO  : Processor reset is completed for ps7_cortexa9_0
20:05:07 INFO  : Processor reset is completed for ps7_cortexa9_0
20:07:37 INFO  : Processor reset is completed for ps7_cortexa9_0
20:09:27 INFO  : ps7_cortexa9_0 Processor is in use. Please stop existing Run or Debug sessions before launching.
20:09:29 INFO  : Processor reset is completed for ps7_cortexa9_0
20:09:52 INFO  : ps7_cortexa9_0 Processor is in use. Please stop existing Run or Debug sessions before launching.
20:09:53 INFO  : Processor reset is completed for ps7_cortexa9_0
20:10:05 INFO  : ps7_cortexa9_0 Processor is in use. Please stop existing Run or Debug sessions before launching.
20:10:06 INFO  : Processor reset is completed for ps7_cortexa9_0
20:10:18 INFO  : ps7_cortexa9_0 Processor is in use. Please stop existing Run or Debug sessions before launching.
20:10:19 INFO  : Processor reset is completed for ps7_cortexa9_0
20:10:32 INFO  : ps7_cortexa9_0 Processor is in use. Please stop existing Run or Debug sessions before launching.
20:10:34 INFO  : Processor reset is completed for ps7_cortexa9_0
20:11:13 INFO  : ps7_cortexa9_0 Processor is in use. Please stop existing Run or Debug sessions before launching.
20:11:14 INFO  : Processor reset is completed for ps7_cortexa9_0
20:11:43 INFO  : ps7_cortexa9_0 Processor is in use. Please stop existing Run or Debug sessions before launching.
20:11:44 INFO  : Processor reset is completed for ps7_cortexa9_0
20:13:07 INFO  : ps7_cortexa9_0 Processor is in use. Please stop existing Run or Debug sessions before launching.
20:13:08 INFO  : Processor reset is completed for ps7_cortexa9_0
20:13:21 INFO  : ps7_cortexa9_0 Processor is in use. Please stop existing Run or Debug sessions before launching.
20:13:23 INFO  : Processor reset is completed for ps7_cortexa9_0
20:13:38 INFO  : ps7_cortexa9_0 Processor is in use. Please stop existing Run or Debug sessions before launching.
20:13:39 INFO  : Processor reset is completed for ps7_cortexa9_0
20:13:57 INFO  : ps7_cortexa9_0 Processor is in use. Please stop existing Run or Debug sessions before launching.
20:13:59 INFO  : Processor reset is completed for ps7_cortexa9_0
20:14:11 INFO  : ps7_cortexa9_0 Processor is in use. Please stop existing Run or Debug sessions before launching.
20:14:13 INFO  : Processor reset is completed for ps7_cortexa9_0
20:15:26 INFO  : ps7_cortexa9_0 Processor is in use. Please stop existing Run or Debug sessions before launching.
20:15:27 INFO  : Processor reset is completed for ps7_cortexa9_0
20:16:11 INFO  : ps7_cortexa9_0 Processor is in use. Please stop existing Run or Debug sessions before launching.
20:16:12 INFO  : Processor reset is completed for ps7_cortexa9_0
20:16:31 INFO  : ps7_cortexa9_0 Processor is in use. Please stop existing Run or Debug sessions before launching.
20:16:32 INFO  : Processor reset is completed for ps7_cortexa9_0
20:17:00 INFO  : ps7_cortexa9_0 Processor is in use. Please stop existing Run or Debug sessions before launching.
20:17:01 INFO  : Processor reset is completed for ps7_cortexa9_0
20:17:14 INFO  : ps7_cortexa9_0 Processor is in use. Please stop existing Run or Debug sessions before launching.
20:17:15 INFO  : Processor reset is completed for ps7_cortexa9_0
20:18:59 INFO  : ps7_cortexa9_0 Processor is in use. Please stop existing Run or Debug sessions before launching.
20:19:01 INFO  : Processor reset is completed for ps7_cortexa9_0
20:19:20 INFO  : ps7_cortexa9_0 Processor is in use. Please stop existing Run or Debug sessions before launching.
20:19:21 INFO  : Processor reset is completed for ps7_cortexa9_0
20:20:45 INFO  : ps7_cortexa9_0 Processor is in use. Please stop existing Run or Debug sessions before launching.
20:20:46 INFO  : Processor reset is completed for ps7_cortexa9_0
20:21:42 INFO  : ps7_cortexa9_0 Processor is in use. Please stop existing Run or Debug sessions before launching.
20:21:44 INFO  : Processor reset is completed for ps7_cortexa9_0
20:22:10 INFO  : ps7_cortexa9_0 Processor is in use. Please stop existing Run or Debug sessions before launching.
20:22:11 INFO  : Processor reset is completed for ps7_cortexa9_0
20:22:52 INFO  : ps7_cortexa9_0 Processor is in use. Please stop existing Run or Debug sessions before launching.
20:22:53 INFO  : Processor reset is completed for ps7_cortexa9_0
20:24:37 INFO  : ps7_cortexa9_0 Processor is in use. Please stop existing Run or Debug sessions before launching.
20:24:38 INFO  : Processor reset is completed for ps7_cortexa9_0
20:25:17 INFO  : ps7_cortexa9_0 Processor is in use. Please stop existing Run or Debug sessions before launching.
20:25:18 INFO  : Processor reset is completed for ps7_cortexa9_0
20:25:35 INFO  : ps7_cortexa9_0 Processor is in use. Please stop existing Run or Debug sessions before launching.
20:25:37 INFO  : Processor reset is completed for ps7_cortexa9_0
20:25:54 INFO  : ps7_cortexa9_0 Processor is in use. Please stop existing Run or Debug sessions before launching.
20:25:54 INFO  : Processor reset is completed for ps7_cortexa9_0
20:28:07 INFO  : Processor reset is completed for ps7_cortexa9_0
20:30:39 INFO  : Processor reset is completed for ps7_cortexa9_0
20:35:33 INFO  : ps7_cortexa9_0 Processor is in use. Please stop existing Run or Debug sessions before launching.
20:35:34 INFO  : Processor reset is completed for ps7_cortexa9_0
20:37:56 INFO  : ps7_cortexa9_0 Processor is in use. Please stop existing Run or Debug sessions before launching.
20:37:57 INFO  : Processor reset is completed for ps7_cortexa9_0
20:41:08 INFO  : ps7_cortexa9_0 Processor is in use. Please stop existing Run or Debug sessions before launching.
20:41:09 INFO  : Processor reset is completed for ps7_cortexa9_0
20:41:33 INFO  : Processor reset is completed for ps7_cortexa9_0
20:43:19 INFO  : ps7_cortexa9_0 Processor is in use. Please stop existing Run or Debug sessions before launching.
20:43:20 INFO  : Processor reset is completed for ps7_cortexa9_0
20:45:09 INFO  : ps7_cortexa9_0 Processor is in use. Please stop existing Run or Debug sessions before launching.
20:45:10 INFO  : Processor reset is completed for ps7_cortexa9_0
21:28:15 INFO  : ps7_cortexa9_0 Processor is in use. Please stop existing Run or Debug sessions before launching.
21:28:16 INFO  : Processor reset is completed for ps7_cortexa9_0
21:28:35 INFO  : ps7_cortexa9_0 Processor is in use. Please stop existing Run or Debug sessions before launching.
21:28:36 INFO  : Processor reset is completed for ps7_cortexa9_0
21:30:15 INFO  : ps7_cortexa9_0 Processor is in use. Please stop existing Run or Debug sessions before launching.
21:30:17 INFO  : Processor reset is completed for ps7_cortexa9_0
21:33:05 INFO  : ps7_cortexa9_0 Processor is in use. Please stop existing Run or Debug sessions before launching.
21:33:06 INFO  : Processor reset is completed for ps7_cortexa9_0
21:36:34 INFO  : ps7_cortexa9_0 Processor is in use. Please stop existing Run or Debug sessions before launching.
21:36:35 INFO  : Processor reset is completed for ps7_cortexa9_0
21:37:16 INFO  : ps7_cortexa9_0 Processor is in use. Please stop existing Run or Debug sessions before launching.
21:37:17 INFO  : Processor reset is completed for ps7_cortexa9_0
21:37:37 INFO  : ps7_cortexa9_0 Processor is in use. Please stop existing Run or Debug sessions before launching.
21:37:38 INFO  : Processor reset is completed for ps7_cortexa9_0
21:42:30 INFO  : ps7_cortexa9_0 Processor is in use. Please stop existing Run or Debug sessions before launching.
21:42:31 INFO  : Processor reset is completed for ps7_cortexa9_0
21:45:07 ERROR : Unexpected error while parsing XMD response ?: com.google.gson.JsonSyntaxException: com.google.gson.stream.MalformedJsonException: invalid number or unquoted string near 
21:34:16 INFO  : Registering command handlers for SDK TCF services
21:34:16 INFO  : Launching XSCT server: xsct.bat -interactive C:\dev\Git\week3\Space_Invaders\temp_xsdb_launch_script.tcl
21:34:18 INFO  : XSCT server has started successfully.
21:34:23 INFO  : Successfully done setting XSCT server connection channel  
21:34:23 INFO  : Successfully done setting SDK workspace  
21:35:46 INFO  : Connected to target on host '127.0.0.1' and port '3121'.
21:35:48 INFO  : 'targets -set -filter {jtag_cable_name =~ "Digilent Zybo 210279573139A" && level==0} -index 1' command is executed.
21:35:49 INFO  : FPGA configured successfully with bitstream "C:/dev/Git/week3/Space_Invaders/hdmi-in.sdk/hdmi_in_wrapper_hw_platform_1/hdmi_in_wrapper.bit"
21:36:02 INFO  : ps7_init is completed.
21:36:02 INFO  : ps7_post_config is completed.
21:36:02 INFO  : Processor reset is completed for ps7_cortexa9_0
21:36:33 INFO  : ps7_cortexa9_0 Processor is in use. Please stop existing Run or Debug sessions before launching.
21:36:34 INFO  : Processor reset is completed for ps7_cortexa9_0
21:36:38 INFO  : ps7_cortexa9_0 Processor is in use. Please stop existing Run or Debug sessions before launching.
21:36:40 INFO  : Processor reset is completed for ps7_cortexa9_0
21:39:45 INFO  : ps7_cortexa9_0 Processor is in use. Please stop existing Run or Debug sessions before launching.
21:39:48 INFO  : Processor reset is completed for ps7_cortexa9_0
21:40:14 INFO  : ps7_cortexa9_0 Processor is in use. Please stop existing Run or Debug sessions before launching.
21:40:15 INFO  : Processor reset is completed for ps7_cortexa9_0
21:44:43 INFO  : ps7_cortexa9_0 Processor is in use. Please stop existing Run or Debug sessions before launching.
21:44:46 INFO  : Processor reset is completed for ps7_cortexa9_0
21:45:17 INFO  : ps7_cortexa9_0 Processor is in use. Please stop existing Run or Debug sessions before launching.
21:45:18 INFO  : Processor reset is completed for ps7_cortexa9_0
21:46:49 INFO  : ps7_cortexa9_0 Processor is in use. Please stop existing Run or Debug sessions before launching.
21:46:50 INFO  : Processor reset is completed for ps7_cortexa9_0
21:48:08 INFO  : ps7_cortexa9_0 Processor is in use. Please stop existing Run or Debug sessions before launching.
21:48:10 INFO  : Processor reset is completed for ps7_cortexa9_0
21:49:02 INFO  : ps7_cortexa9_0 Processor is in use. Please stop existing Run or Debug sessions before launching.
21:49:03 INFO  : Processor reset is completed for ps7_cortexa9_0
21:49:38 INFO  : Processor reset is completed for ps7_cortexa9_0
21:51:04 INFO  : ps7_cortexa9_0 Processor is in use. Please stop existing Run or Debug sessions before launching.
21:51:06 INFO  : Processor reset is completed for ps7_cortexa9_0
21:58:13 INFO  : ps7_cortexa9_0 Processor is in use. Please stop existing Run or Debug sessions before launching.
21:58:14 INFO  : Processor reset is completed for ps7_cortexa9_0
21:58:34 INFO  : ps7_cortexa9_0 Processor is in use. Please stop existing Run or Debug sessions before launching.
21:58:35 INFO  : Processor reset is completed for ps7_cortexa9_0
22:01:52 INFO  : ps7_cortexa9_0 Processor is in use. Please stop existing Run or Debug sessions before launching.
22:01:53 INFO  : Processor reset is completed for ps7_cortexa9_0
22:44:40 INFO  : Processor reset is completed for ps7_cortexa9_0
22:46:46 INFO  : ps7_cortexa9_0 Processor is in use. Please stop existing Run or Debug sessions before launching.
22:46:48 INFO  : Processor reset is completed for ps7_cortexa9_0
22:48:22 INFO  : ps7_cortexa9_0 Processor is in use. Please stop existing Run or Debug sessions before launching.
22:48:23 INFO  : Processor reset is completed for ps7_cortexa9_0
22:50:39 INFO  : ps7_cortexa9_0 Processor is in use. Please stop existing Run or Debug sessions before launching.
22:50:40 INFO  : Processor reset is completed for ps7_cortexa9_0
23:01:15 INFO  : ps7_cortexa9_0 Processor is in use. Please stop existing Run or Debug sessions before launching.
23:01:16 INFO  : Processor reset is completed for ps7_cortexa9_0
23:01:32 INFO  : ps7_cortexa9_0 Processor is in use. Please stop existing Run or Debug sessions before launching.
23:01:33 INFO  : Processor reset is completed for ps7_cortexa9_0
23:01:58 INFO  : ps7_cortexa9_0 Processor is in use. Please stop existing Run or Debug sessions before launching.
23:01:59 INFO  : Processor reset is completed for ps7_cortexa9_0
23:02:19 INFO  : ps7_cortexa9_0 Processor is in use. Please stop existing Run or Debug sessions before launching.
23:02:20 INFO  : Processor reset is completed for ps7_cortexa9_0
23:02:38 INFO  : ps7_cortexa9_0 Processor is in use. Please stop existing Run or Debug sessions before launching.
23:02:39 INFO  : Processor reset is completed for ps7_cortexa9_0
23:39:53 INFO  : Processor reset is completed for ps7_cortexa9_0
23:49:35 ERROR : Unexpected error while parsing XMD response ?: com.google.gson.JsonSyntaxException: com.google.gson.stream.MalformedJsonException: invalid number or unquoted string near 
09:10:39 INFO  : Registering command handlers for SDK TCF services
09:10:39 INFO  : Launching XSCT server: xsct.bat -interactive C:\dev\Git\week3\Space_Invaders\temp_xsdb_launch_script.tcl
09:10:42 INFO  : XSCT server has started successfully.
09:10:50 INFO  : Successfully done setting XSCT server connection channel  
09:10:50 INFO  : Successfully done setting SDK workspace  
09:39:42 INFO  : Connected to target on host '127.0.0.1' and port '3121'.
09:39:44 INFO  : 'targets -set -filter {jtag_cable_name =~ "Digilent Zybo 210279573139A" && level==0} -index 1' command is executed.
09:39:46 INFO  : FPGA configured successfully with bitstream "C:/dev/Git/week3/Space_Invaders/hdmi-in.sdk/hdmi_in_wrapper_hw_platform_1/hdmi_in_wrapper.bit"
09:39:56 INFO  : ps7_init is completed.
09:39:56 INFO  : ps7_post_config is completed.
09:39:56 INFO  : Processor reset is completed for ps7_cortexa9_0
09:44:04 INFO  : ps7_cortexa9_0 Processor is in use. Please stop existing Run or Debug sessions before launching.
09:44:05 INFO  : Processor reset is completed for ps7_cortexa9_0
11:42:19 INFO  : ps7_cortexa9_0 Processor is in use. Please stop existing Run or Debug sessions before launching.
11:42:20 INFO  : Processor reset is completed for ps7_cortexa9_0
11:43:15 INFO  : Processor reset is completed for ps7_cortexa9_0
11:47:47 INFO  : Processor reset is completed for ps7_cortexa9_0
11:51:58 INFO  : Processor reset is completed for ps7_cortexa9_0
12:04:28 INFO  : Processor reset is completed for ps7_cortexa9_0
12:04:47 INFO  : ps7_cortexa9_0 Processor is in use. Please stop existing Run or Debug sessions before launching.
12:04:49 INFO  : Processor reset is completed for ps7_cortexa9_0
12:05:00 INFO  : Processor reset is completed for ps7_cortexa9_0
12:08:39 INFO  : Processor reset is completed for ps7_cortexa9_0
12:17:48 INFO  : Processor reset is completed for ps7_cortexa9_0
12:24:39 INFO  : Processor reset is completed for ps7_cortexa9_0
12:26:07 INFO  : Processor reset is completed for ps7_cortexa9_0
12:33:06 INFO  : Processor reset is completed for ps7_cortexa9_0
13:04:38 INFO  : ps7_cortexa9_0 Processor is in use. Please stop existing Run or Debug sessions before launching.
13:04:39 INFO  : Processor reset is completed for ps7_cortexa9_0
13:05:03 INFO  : ps7_cortexa9_0 Processor is in use. Please stop existing Run or Debug sessions before launching.
13:05:04 INFO  : Processor reset is completed for ps7_cortexa9_0
13:07:43 INFO  : Processor reset is completed for ps7_cortexa9_0
13:10:52 INFO  : Processor reset is completed for ps7_cortexa9_0
13:12:53 INFO  : ps7_cortexa9_0 Processor is in use. Please stop existing Run or Debug sessions before launching.
13:12:54 INFO  : Processor reset is completed for ps7_cortexa9_0
13:15:45 INFO  : ps7_cortexa9_0 Processor is in use. Please stop existing Run or Debug sessions before launching.
13:15:46 INFO  : Processor reset is completed for ps7_cortexa9_0
13:23:38 INFO  : ps7_cortexa9_0 Processor is in use. Please stop existing Run or Debug sessions before launching.
13:23:41 INFO  : Processor reset is completed for ps7_cortexa9_0
13:24:05 INFO  : ps7_cortexa9_0 Processor is in use. Please stop existing Run or Debug sessions before launching.
13:24:09 INFO  : Processor reset is completed for ps7_cortexa9_0
13:30:35 INFO  : ps7_cortexa9_0 Processor is in use. Please stop existing Run or Debug sessions before launching.
13:30:37 INFO  : Processor reset is completed for ps7_cortexa9_0
13:31:30 INFO  : ps7_cortexa9_0 Processor is in use. Please stop existing Run or Debug sessions before launching.
13:31:31 INFO  : Processor reset is completed for ps7_cortexa9_0
13:35:58 INFO  : Processor reset is completed for ps7_cortexa9_0
13:41:51 INFO  : ps7_cortexa9_0 Processor is in use. Please stop existing Run or Debug sessions before launching.
13:41:53 INFO  : Processor reset is completed for ps7_cortexa9_0
13:48:13 INFO  : Processor reset is completed for ps7_cortexa9_0
13:53:12 INFO  : Processor reset is completed for ps7_cortexa9_0
13:53:23 INFO  : ps7_cortexa9_0 Processor is in use. Please stop existing Run or Debug sessions before launching.
13:53:25 INFO  : Processor reset is completed for ps7_cortexa9_0
13:54:54 INFO  : Processor reset is completed for ps7_cortexa9_0
14:07:13 INFO  : ps7_cortexa9_0 Processor is in use. Please stop existing Run or Debug sessions before launching.
14:07:15 INFO  : Processor reset is completed for ps7_cortexa9_0
14:11:12 INFO  : Processor reset is completed for ps7_cortexa9_0
14:16:34 INFO  : Processor reset is completed for ps7_cortexa9_0
14:30:07 INFO  : Processor reset is completed for ps7_cortexa9_0
15:04:51 INFO  : Connected to target on host '127.0.0.1' and port '3121'.
15:04:52 INFO  : 'targets -set -filter {jtag_cable_name =~ "Digilent Zybo 210279573139A" && level==0} -index 1' command is executed.
15:04:53 INFO  : FPGA configured successfully with bitstream "C:/dev/Git/week3/Space_Invaders/hdmi-in.sdk/hdmi_in_wrapper_hw_platform_1/hdmi_in_wrapper.bit"
15:08:25 INFO  : ps7_init is completed.
15:08:25 INFO  : ps7_post_config is completed.
15:08:25 INFO  : Processor reset is completed for ps7_cortexa9_0
15:10:52 INFO  : ps7_cortexa9_0 Processor is in use. Please stop existing Run or Debug sessions before launching.
15:10:53 INFO  : Processor reset is completed for ps7_cortexa9_0
15:35:01 INFO  : Processor reset is completed for ps7_cortexa9_0
15:44:32 INFO  : ps7_cortexa9_0 Processor is in use. Please stop existing Run or Debug sessions before launching.
15:44:34 INFO  : Processor reset is completed for ps7_cortexa9_0
16:23:23 INFO  : ps7_cortexa9_0 Processor is in use. Please stop existing Run or Debug sessions before launching.
16:23:24 INFO  : Processor reset is completed for ps7_cortexa9_0
16:24:31 INFO  : ps7_cortexa9_0 Processor is in use. Please stop existing Run or Debug sessions before launching.
16:24:32 INFO  : Processor reset is completed for ps7_cortexa9_0
16:25:34 INFO  : ps7_cortexa9_0 Processor is in use. Please stop existing Run or Debug sessions before launching.
16:25:35 INFO  : Processor reset is completed for ps7_cortexa9_0
16:28:36 INFO  : ps7_cortexa9_0 Processor is in use. Please stop existing Run or Debug sessions before launching.
16:28:37 INFO  : Processor reset is completed for ps7_cortexa9_0
16:29:12 INFO  : ps7_cortexa9_0 Processor is in use. Please stop existing Run or Debug sessions before launching.
16:29:13 INFO  : Processor reset is completed for ps7_cortexa9_0
16:30:06 INFO  : ps7_cortexa9_0 Processor is in use. Please stop existing Run or Debug sessions before launching.
16:30:14 INFO  : ps7_cortexa9_0 Processor is in use. Please stop existing Run or Debug sessions before launching.
16:30:15 INFO  : Processor reset is completed for ps7_cortexa9_0
16:35:11 INFO  : ps7_cortexa9_0 Processor is in use. Please stop existing Run or Debug sessions before launching.
16:35:13 INFO  : Processor reset is completed for ps7_cortexa9_0
16:49:15 ERROR : Unexpected error while parsing XMD response ?: com.google.gson.JsonSyntaxException: com.google.gson.stream.MalformedJsonException: invalid number or unquoted string near 
16:53:55 INFO  : Registering command handlers for SDK TCF services
16:53:56 INFO  : Launching XSCT server: xsct.bat -interactive C:\dev\Git\week3\Space_Invaders\temp_xsdb_launch_script.tcl
16:53:59 INFO  : XSCT server has started successfully.
16:54:03 INFO  : Successfully done setting XSCT server connection channel  
16:54:03 INFO  : Successfully done setting SDK workspace  
16:54:22 INFO  : Connected to target on host '127.0.0.1' and port '3121'.
16:54:24 INFO  : 'targets -set -filter {jtag_cable_name =~ "Digilent Zybo 210279573139A" && level==0} -index 1' command is executed.
16:54:25 INFO  : FPGA configured successfully with bitstream "C:/dev/Git/week3/Space_Invaders/hdmi-in.sdk/hdmi_in_wrapper_hw_platform_1/hdmi_in_wrapper.bit"
16:54:36 INFO  : Processor reset is completed for ps7_cortexa9_0
16:55:15 INFO  : ps7_cortexa9_0 Processor is in use. Please stop existing Run or Debug sessions before launching.
16:55:16 INFO  : Processor reset is completed for ps7_cortexa9_0
16:56:10 INFO  : Connected to target on host '127.0.0.1' and port '3121'.
16:56:10 INFO  : 'targets -set -filter {jtag_cable_name =~ "Digilent Zybo 210279573139A" && level==0} -index 1' command is executed.
16:56:12 INFO  : FPGA configured successfully with bitstream "C:/dev/Git/week3/Space_Invaders/hdmi-in.sdk/hdmi_in_wrapper_hw_platform_0/hdmi_in_wrapper.bit"
16:56:22 INFO  : ps7_init is completed.
16:56:22 INFO  : ps7_post_config is completed.
16:56:22 INFO  : Processor reset is completed for ps7_cortexa9_0
17:03:34 INFO  : ps7_cortexa9_0 Processor is in use. Please stop existing Run or Debug sessions before launching.
17:03:35 INFO  : Processor reset is completed for ps7_cortexa9_0
19:02:49 INFO  : Processor reset is completed for ps7_cortexa9_0
19:04:42 INFO  : ps7_cortexa9_0 Processor is in use. Please stop existing Run or Debug sessions before launching.
19:04:43 INFO  : Processor reset is completed for ps7_cortexa9_0
19:05:13 INFO  : ps7_cortexa9_0 Processor is in use. Please stop existing Run or Debug sessions before launching.
19:05:15 INFO  : Processor reset is completed for ps7_cortexa9_0
19:05:59 INFO  : ps7_cortexa9_0 Processor is in use. Please stop existing Run or Debug sessions before launching.
19:06:00 INFO  : Processor reset is completed for ps7_cortexa9_0
19:12:10 INFO  : Processor reset is completed for ps7_cortexa9_0
19:29:05 INFO  : Processor reset is completed for ps7_cortexa9_0
19:31:12 INFO  : Processor reset is completed for ps7_cortexa9_0
19:35:20 INFO  : Processor reset is completed for ps7_cortexa9_0
19:47:31 INFO  : Processor reset is completed for ps7_cortexa9_0
19:48:03 INFO  : Processor reset is completed for ps7_cortexa9_0
19:49:15 INFO  : ps7_cortexa9_0 Processor is in use. Please stop existing Run or Debug sessions before launching.
19:49:16 INFO  : Processor reset is completed for ps7_cortexa9_0
19:51:34 INFO  : Processor reset is completed for ps7_cortexa9_0
19:53:47 INFO  : ps7_cortexa9_0 Processor is in use. Please stop existing Run or Debug sessions before launching.
19:53:48 INFO  : Processor reset is completed for ps7_cortexa9_0
19:54:24 INFO  : ps7_cortexa9_0 Processor is in use. Please stop existing Run or Debug sessions before launching.
19:54:25 INFO  : Processor reset is completed for ps7_cortexa9_0
19:54:38 INFO  : ps7_cortexa9_0 Processor is in use. Please stop existing Run or Debug sessions before launching.
19:54:40 INFO  : Processor reset is completed for ps7_cortexa9_0
19:55:10 INFO  : ps7_cortexa9_0 Processor is in use. Please stop existing Run or Debug sessions before launching.
19:55:11 INFO  : Processor reset is completed for ps7_cortexa9_0
19:55:30 INFO  : ps7_cortexa9_0 Processor is in use. Please stop existing Run or Debug sessions before launching.
19:55:32 INFO  : Processor reset is completed for ps7_cortexa9_0
19:56:16 INFO  : ps7_cortexa9_0 Processor is in use. Please stop existing Run or Debug sessions before launching.
19:57:21 INFO  : Processor reset is completed for ps7_cortexa9_0
19:58:37 INFO  : ps7_cortexa9_0 Processor is in use. Please stop existing Run or Debug sessions before launching.
19:58:39 INFO  : Processor reset is completed for ps7_cortexa9_0
19:58:58 INFO  : ps7_cortexa9_0 Processor is in use. Please stop existing Run or Debug sessions before launching.
19:58:59 INFO  : Processor reset is completed for ps7_cortexa9_0
20:01:20 INFO  : ps7_cortexa9_0 Processor is in use. Please stop existing Run or Debug sessions before launching.
20:01:21 INFO  : Processor reset is completed for ps7_cortexa9_0
20:18:43 INFO  : Processor reset is completed for ps7_cortexa9_0
20:22:35 INFO  : ps7_cortexa9_0 Processor is in use. Please stop existing Run or Debug sessions before launching.
20:22:37 INFO  : Processor reset is completed for ps7_cortexa9_0
20:25:12 INFO  : ps7_cortexa9_0 Processor is in use. Please stop existing Run or Debug sessions before launching.
20:25:13 INFO  : Processor reset is completed for ps7_cortexa9_0
20:31:28 INFO  : Processor reset is completed for ps7_cortexa9_0
20:32:17 INFO  : Processor reset is completed for ps7_cortexa9_0
20:33:51 INFO  : Processor reset is completed for ps7_cortexa9_0
20:37:24 INFO  : Processor reset is completed for ps7_cortexa9_0
20:39:31 INFO  : Processor reset is completed for ps7_cortexa9_0
20:39:42 INFO  : ps7_cortexa9_0 Processor is in use. Please stop existing Run or Debug sessions before launching.
20:39:44 INFO  : Processor reset is completed for ps7_cortexa9_0
20:40:03 INFO  : ps7_cortexa9_0 Processor is in use. Please stop existing Run or Debug sessions before launching.
20:40:05 INFO  : Processor reset is completed for ps7_cortexa9_0
20:42:08 ERROR : Unexpected error while parsing XMD response ?: com.google.gson.JsonSyntaxException: com.google.gson.stream.MalformedJsonException: invalid number or unquoted string near 
17:25:42 INFO  : Registering command handlers for SDK TCF services
17:25:42 INFO  : Launching XSCT server: xsct.bat -interactive C:\dev\Git\week3\Space_Invaders\temp_xsdb_launch_script.tcl
17:25:44 INFO  : XSCT server has started successfully.
17:25:44 INFO  : Successfully done setting XSCT server connection channel  
17:25:49 INFO  : Successfully done setting SDK workspace  
17:26:14 INFO  : Connected to target on host '127.0.0.1' and port '3121'.
17:26:16 INFO  : 'targets -set -filter {jtag_cable_name =~ "Digilent Zybo 210279573139A" && level==0} -index 1' command is executed.
17:26:17 INFO  : FPGA configured successfully with bitstream "C:/dev/Git/week3/Space_Invaders/hdmi-in.sdk/hdmi_in_wrapper_hw_platform_1/hdmi_in_wrapper.bit"
17:31:58 INFO  : ps7_init is completed.
17:31:59 INFO  : ps7_post_config is completed.
17:31:59 INFO  : Processor reset is completed for ps7_cortexa9_0
17:32:15 INFO  : ps7_cortexa9_0 Processor is in use. Please stop existing Run or Debug sessions before launching.
17:32:18 INFO  : Processor reset is completed for ps7_cortexa9_0
17:38:20 INFO  : Processor reset is completed for ps7_cortexa9_0
17:40:35 INFO  : ps7_cortexa9_0 Processor is in use. Please stop existing Run or Debug sessions before launching.
17:40:37 INFO  : Processor reset is completed for ps7_cortexa9_0
17:41:34 INFO  : ps7_cortexa9_0 Processor is in use. Please stop existing Run or Debug sessions before launching.
17:41:35 INFO  : Processor reset is completed for ps7_cortexa9_0
17:42:30 INFO  : ps7_cortexa9_0 Processor is in use. Please stop existing Run or Debug sessions before launching.
17:42:32 INFO  : Processor reset is completed for ps7_cortexa9_0
17:44:20 INFO  : ps7_cortexa9_0 Processor is in use. Please stop existing Run or Debug sessions before launching.
17:44:22 INFO  : Processor reset is completed for ps7_cortexa9_0
17:46:57 INFO  : Processor reset is completed for ps7_cortexa9_0
19:58:56 ERROR : Unexpected error while parsing XMD response ?: com.google.gson.JsonSyntaxException: com.google.gson.stream.MalformedJsonException: invalid number or unquoted string near 
21:22:18 INFO  : Registering command handlers for SDK TCF services
21:22:19 INFO  : Launching XSCT server: xsct.bat -interactive C:\dev\Git\week3\Space_Invaders\temp_xsdb_launch_script.tcl
21:22:22 INFO  : XSCT server has started successfully.
21:22:27 INFO  : Successfully done setting XSCT server connection channel  
21:22:27 INFO  : Successfully done setting SDK workspace  
21:24:31 INFO  : Connected to target on host '127.0.0.1' and port '3121'.
21:24:33 INFO  : 'targets -set -filter {jtag_cable_name =~ "Digilent Zybo 210279573139A" && level==0} -index 1' command is executed.
21:24:35 INFO  : FPGA configured successfully with bitstream "C:/dev/Git/week3/Space_Invaders/hdmi-in.sdk/hdmi_in_wrapper_hw_platform_1/hdmi_in_wrapper.bit"
21:24:49 INFO  : ps7_init is completed.
21:24:49 INFO  : ps7_post_config is completed.
21:24:49 INFO  : Processor reset is completed for ps7_cortexa9_0
21:26:54 INFO  : Processor reset is completed for ps7_cortexa9_0
21:28:21 INFO  : Processor reset is completed for ps7_cortexa9_0
21:29:29 INFO  : Processor reset is completed for ps7_cortexa9_0
21:32:38 INFO  : Processor reset is completed for ps7_cortexa9_0
21:34:11 INFO  : Processor reset is completed for ps7_cortexa9_0
21:34:21 INFO  : Processor reset is completed for ps7_cortexa9_0
21:35:46 INFO  : Processor reset is completed for ps7_cortexa9_0
21:42:38 INFO  : Processor reset is completed for ps7_cortexa9_0
21:44:49 INFO  : Processor reset is completed for ps7_cortexa9_0
21:45:31 INFO  : Processor reset is completed for ps7_cortexa9_0
21:46:21 INFO  : Processor reset is completed for ps7_cortexa9_0
21:56:36 INFO  : Processor reset is completed for ps7_cortexa9_0
22:00:54 INFO  : Processor reset is completed for ps7_cortexa9_0
22:02:16 INFO  : Processor reset is completed for ps7_cortexa9_0
22:03:44 INFO  : Processor reset is completed for ps7_cortexa9_0
22:04:05 INFO  : ps7_cortexa9_0 Processor is in use. Please stop existing Run or Debug sessions before launching.
22:04:08 INFO  : Processor reset is completed for ps7_cortexa9_0
22:05:56 INFO  : Processor reset is completed for ps7_cortexa9_0
22:06:54 INFO  : Processor reset is completed for ps7_cortexa9_0
22:07:11 INFO  : ps7_cortexa9_0 Processor is in use. Please stop existing Run or Debug sessions before launching.
22:07:21 INFO  : Processor reset is completed for ps7_cortexa9_0
22:07:24 ERROR : Unexpected error while launching program.
java.lang.RuntimeException: Failed to download ELF file


    Could not stop the processor after reset


	at com.xilinx.sdk.targetmanager.internal.TM.downloadELF(TM.java:686)
	at com.xilinx.sdk.debug.core.internal.AppRunner.run(AppRunner.java:129)
	at com.xilinx.sdk.debug.core.XilinxAppLaunchConfigurationDelegate.runApplication(XilinxAppLaunchConfigurationDelegate.java:637)
	at com.xilinx.sdk.debug.core.XilinxAppLaunchConfigurationDelegate.launch(XilinxAppLaunchConfigurationDelegate.java:309)
	at com.xilinx.sdk.debug.ui.XilinxAppLaunchDelegateWrapper.launch(XilinxAppLaunchDelegateWrapper.java:31)
	at org.eclipse.debug.internal.core.LaunchConfiguration.launch(LaunchConfiguration.java:885)
	at org.eclipse.debug.internal.core.LaunchConfiguration.launch(LaunchConfiguration.java:739)
	at org.eclipse.debug.internal.ui.DebugUIPlugin.buildAndLaunch(DebugUIPlugin.java:1039)
	at org.eclipse.debug.internal.ui.DebugUIPlugin$8.run(DebugUIPlugin.java:1256)
	at org.eclipse.core.internal.jobs.Worker.run(Worker.java:55)
22:08:12 ERROR : Unexpected error while parsing XMD response ?: com.google.gson.JsonSyntaxException: com.google.gson.stream.MalformedJsonException: invalid number or unquoted string near 
22:08:22 INFO  : Registering command handlers for SDK TCF services
22:08:22 INFO  : Launching XSCT server: xsct.bat -interactive C:\dev\Git\week3\Space_Invaders\temp_xsdb_launch_script.tcl
22:08:25 INFO  : XSCT server has started successfully.
22:08:29 INFO  : Successfully done setting XSCT server connection channel  
22:08:29 INFO  : Successfully done setting SDK workspace  
22:20:40 INFO  : Connected to target on host '127.0.0.1' and port '3121'.
22:20:42 INFO  : 'targets -set -filter {jtag_cable_name =~ "Digilent Zybo 210279573139A" && level==0} -index 1' command is executed.
22:20:43 INFO  : FPGA configured successfully with bitstream "C:/dev/Git/week3/Space_Invaders/hdmi-in.sdk/hdmi_in_wrapper_hw_platform_1/hdmi_in_wrapper.bit"
22:24:05 INFO  : ps7_init is completed.
22:24:05 INFO  : ps7_post_config is completed.
22:24:05 INFO  : Processor reset is completed for ps7_cortexa9_0
22:25:32 INFO  : Processor reset is completed for ps7_cortexa9_0
22:28:01 INFO  : Processor reset is completed for ps7_cortexa9_0
22:30:17 INFO  : Processor reset is completed for ps7_cortexa9_0
22:31:30 INFO  : Processor reset is completed for ps7_cortexa9_0
22:35:12 INFO  : Processor reset is completed for ps7_cortexa9_0
22:47:38 INFO  : Processor reset is completed for ps7_cortexa9_0
22:51:35 ERROR : Unexpected error while launching program.
java.lang.RuntimeException: Error in Resetting Target

    Could not stop the processor after reset


	at com.xilinx.sdk.targetmanager.internal.TM.doProcessorReset(TM.java:1011)
	at com.xilinx.sdk.debug.core.XilinxAppLaunchConfigurationDelegate.runTargetSetup(XilinxAppLaunchConfigurationDelegate.java:534)
	at com.xilinx.sdk.debug.core.XilinxAppLaunchConfigurationDelegate.runApplication(XilinxAppLaunchConfigurationDelegate.java:616)
	at com.xilinx.sdk.debug.core.XilinxAppLaunchConfigurationDelegate.launch(XilinxAppLaunchConfigurationDelegate.java:309)
	at com.xilinx.sdk.debug.ui.XilinxAppLaunchDelegateWrapper.launch(XilinxAppLaunchDelegateWrapper.java:31)
	at org.eclipse.debug.internal.core.LaunchConfiguration.launch(LaunchConfiguration.java:885)
	at org.eclipse.debug.internal.core.LaunchConfiguration.launch(LaunchConfiguration.java:739)
	at org.eclipse.debug.internal.ui.DebugUIPlugin.buildAndLaunch(DebugUIPlugin.java:1039)
	at org.eclipse.debug.internal.ui.DebugUIPlugin$8.run(DebugUIPlugin.java:1256)
	at org.eclipse.core.internal.jobs.Worker.run(Worker.java:55)
22:53:26 ERROR : Unexpected error while parsing XMD response ?: com.google.gson.JsonSyntaxException: com.google.gson.stream.MalformedJsonException: invalid number or unquoted string near 
22:53:36 INFO  : Registering command handlers for SDK TCF services
22:53:37 INFO  : Launching XSCT server: xsct.bat -interactive C:\dev\Git\week3\Space_Invaders\temp_xsdb_launch_script.tcl
22:53:39 INFO  : XSCT server has started successfully.
22:53:39 INFO  : Successfully done setting XSCT server connection channel  
22:53:44 INFO  : Successfully done setting SDK workspace  
22:54:21 ERROR : Unexpected error while launching program.
java.lang.RuntimeException: Error in Resetting Target

    Could not stop the processor after reset


	at com.xilinx.sdk.targetmanager.internal.TM.doProcessorReset(TM.java:1011)
	at com.xilinx.sdk.debug.core.XilinxAppLaunchConfigurationDelegate.runTargetSetup(XilinxAppLaunchConfigurationDelegate.java:534)
	at com.xilinx.sdk.debug.core.XilinxAppLaunchConfigurationDelegate.runApplication(XilinxAppLaunchConfigurationDelegate.java:616)
	at com.xilinx.sdk.debug.core.XilinxAppLaunchConfigurationDelegate.launch(XilinxAppLaunchConfigurationDelegate.java:309)
	at com.xilinx.sdk.debug.ui.XilinxAppLaunchDelegateWrapper.launch(XilinxAppLaunchDelegateWrapper.java:31)
	at org.eclipse.debug.internal.core.LaunchConfiguration.launch(LaunchConfiguration.java:885)
	at org.eclipse.debug.internal.core.LaunchConfiguration.launch(LaunchConfiguration.java:739)
	at org.eclipse.debug.internal.ui.DebugUIPlugin.buildAndLaunch(DebugUIPlugin.java:1039)
	at org.eclipse.debug.internal.ui.DebugUIPlugin$8.run(DebugUIPlugin.java:1256)
	at org.eclipse.core.internal.jobs.Worker.run(Worker.java:55)
22:54:50 INFO  : Connected to target on host '127.0.0.1' and port '3121'.
22:54:52 INFO  : 'targets -set -filter {jtag_cable_name =~ "Digilent Zybo 210279573139A" && level==0} -index 1' command is executed.
22:54:53 INFO  : FPGA configured successfully with bitstream "C:/dev/Git/week3/Space_Invaders/hdmi-in.sdk/hdmi_in_wrapper_hw_platform_1/hdmi_in_wrapper.bit"
22:55:09 INFO  : ps7_init is completed.
22:55:09 INFO  : ps7_post_config is completed.
22:55:09 INFO  : Processor reset is completed for ps7_cortexa9_0
23:05:51 INFO  : Processor reset is completed for ps7_cortexa9_0
23:06:34 INFO  : Processor reset is completed for ps7_cortexa9_0
23:12:58 INFO  : Processor reset is completed for ps7_cortexa9_0
23:14:20 INFO  : Processor reset is completed for ps7_cortexa9_0
23:15:33 INFO  : Processor reset is completed for ps7_cortexa9_0
23:18:32 INFO  : Processor reset is completed for ps7_cortexa9_0
23:22:28 INFO  : Processor reset is completed for ps7_cortexa9_0
23:23:49 INFO  : Processor reset is completed for ps7_cortexa9_0
23:25:13 INFO  : Processor reset is completed for ps7_cortexa9_0
23:30:33 INFO  : Processor reset is completed for ps7_cortexa9_0
23:31:17 INFO  : Processor reset is completed for ps7_cortexa9_0
00:05:10 INFO  : Processor reset is completed for ps7_cortexa9_0
00:54:47 ERROR : Unexpected error while parsing XMD response ?: com.google.gson.JsonSyntaxException: com.google.gson.stream.MalformedJsonException: invalid number or unquoted string near 
08:10:43 INFO  : Registering command handlers for SDK TCF services
08:10:43 INFO  : Launching XSCT server: xsct.bat -interactive C:\dev\Git\week3\Space_Invaders\temp_xsdb_launch_script.tcl
08:10:46 INFO  : XSCT server has started successfully.
08:10:54 INFO  : Successfully done setting XSCT server connection channel  
08:10:54 INFO  : Successfully done setting SDK workspace  
09:31:07 INFO  : Connected to target on host '127.0.0.1' and port '3121'.
09:31:08 INFO  : 'targets -set -filter {jtag_cable_name =~ "Digilent Zybo 210279573139A" && level==0} -index 1' command is executed.
09:31:10 INFO  : FPGA configured successfully with bitstream "C:/dev/Git/week3/Space_Invaders/hdmi-in.sdk/hdmi_in_wrapper_hw_platform_1/hdmi_in_wrapper.bit"
09:32:56 INFO  : ps7_init is completed.
09:32:56 INFO  : ps7_post_config is completed.
09:32:56 INFO  : Processor reset is completed for ps7_cortexa9_0
09:36:58 INFO  : Processor reset is completed for ps7_cortexa9_0
09:41:33 INFO  : ps7_cortexa9_0 Processor is in use. Please stop existing Run or Debug sessions before launching.
09:41:35 INFO  : Processor reset is completed for ps7_cortexa9_0
09:42:53 ERROR : Unexpected error while launching program.
java.lang.RuntimeException: The program file specified in the launch configuration does not exist
	at com.xilinx.sdk.debug.core.XilinxAppLaunchConfigurationDelegate.runApplication(XilinxAppLaunchConfigurationDelegate.java:580)
	at com.xilinx.sdk.debug.core.XilinxAppLaunchConfigurationDelegate.launch(XilinxAppLaunchConfigurationDelegate.java:309)
	at com.xilinx.sdk.debug.ui.XilinxAppLaunchDelegateWrapper.launch(XilinxAppLaunchDelegateWrapper.java:31)
	at org.eclipse.debug.internal.core.LaunchConfiguration.launch(LaunchConfiguration.java:885)
	at org.eclipse.debug.internal.core.LaunchConfiguration.launch(LaunchConfiguration.java:739)
	at org.eclipse.debug.internal.ui.DebugUIPlugin.buildAndLaunch(DebugUIPlugin.java:1039)
	at org.eclipse.debug.internal.ui.DebugUIPlugin$8.run(DebugUIPlugin.java:1256)
	at org.eclipse.core.internal.jobs.Worker.run(Worker.java:55)
09:44:41 ERROR : Unexpected error while parsing XMD response ?: com.google.gson.JsonSyntaxException: com.google.gson.stream.MalformedJsonException: invalid number or unquoted string near 
09:44:52 INFO  : Registering command handlers for SDK TCF services
09:44:52 INFO  : Launching XSCT server: xsct.bat -interactive C:\dev\Git\week3\Space_Invaders\temp_xsdb_launch_script.tcl
09:44:54 INFO  : XSCT server has started successfully.
09:45:01 INFO  : Successfully done setting XSCT server connection channel  
09:45:01 INFO  : Successfully done setting SDK workspace  
09:47:11 INFO  : Registering command handlers for SDK TCF services
09:47:11 INFO  : Launching XSCT server: xsct.bat -interactive C:\dev\Git\week3\Space_Invaders\temp_xsdb_launch_script.tcl
09:47:14 INFO  : XSCT server has started successfully.
09:47:22 INFO  : Successfully done setting XSCT server connection channel  
09:47:22 INFO  : Successfully done setting SDK workspace  
09:50:01 INFO  : Registering command handlers for SDK TCF services
09:50:01 INFO  : Launching XSCT server: xsct.bat -interactive C:\dev\Git\week3\Space_Invaders\temp_xsdb_launch_script.tcl
09:50:03 INFO  : XSCT server has started successfully.
09:50:03 INFO  : Successfully done setting XSCT server connection channel  
09:50:10 INFO  : Successfully done setting SDK workspace  
09:51:39 INFO  : Registering command handlers for SDK TCF services
09:51:40 INFO  : Launching XSCT server: xsct.bat -interactive C:\dev\Git\week3\Space_Invaders\temp_xsdb_launch_script.tcl
09:51:42 INFO  : XSCT server has started successfully.
09:51:48 INFO  : Successfully done setting XSCT server connection channel  
09:51:48 INFO  : Successfully done setting SDK workspace  
09:58:58 INFO  : Connected to target on host '127.0.0.1' and port '3121'.
09:59:00 INFO  : 'targets -set -filter {jtag_cable_name =~ "Digilent Zybo 210279573139A" && level==0} -index 1' command is executed.
09:59:02 INFO  : FPGA configured successfully with bitstream "C:/dev/Git/week3/Space_Invaders/hdmi-in.sdk/hdmi_in_wrapper_hw_platform_1/hdmi_in_wrapper.bit"
09:59:27 INFO  : ps7_init is completed.
09:59:28 INFO  : ps7_post_config is completed.
09:59:28 INFO  : Processor reset is completed for ps7_cortexa9_0
10:02:07 INFO  : Processor reset is completed for ps7_cortexa9_0
10:38:02 ERROR : Unexpected error while parsing XMD response ?: com.google.gson.JsonSyntaxException: com.google.gson.stream.MalformedJsonException: invalid number or unquoted string near 
11:36:02 INFO  : Registering command handlers for SDK TCF services
11:36:02 INFO  : Launching XSCT server: xsct.bat -interactive C:\dev\Git\week3\Space_Invaders\temp_xsdb_launch_script.tcl
11:36:06 INFO  : XSCT server has started successfully.
11:36:11 INFO  : Successfully done setting XSCT server connection channel  
11:36:11 INFO  : Successfully done setting SDK workspace  
12:10:28 INFO  : Connected to target on host '127.0.0.1' and port '3121'.
12:10:30 INFO  : 'targets -set -filter {jtag_cable_name =~ "Digilent Zybo 210279573139A" && level==0} -index 1' command is executed.
12:10:31 INFO  : FPGA configured successfully with bitstream "C:/dev/Git/week3/Space_Invaders/hdmi-in.sdk/hdmi_in_wrapper_hw_platform_1/hdmi_in_wrapper.bit"
12:10:43 INFO  : ps7_init is completed.
12:10:43 INFO  : ps7_post_config is completed.
12:10:43 INFO  : Processor reset is completed for ps7_cortexa9_0
12:11:20 INFO  : Processor reset is completed for ps7_cortexa9_0
13:17:22 INFO  : Processor reset is completed for ps7_cortexa9_0
13:28:29 ERROR : Checking FPGA configuration failed..Connection to Board Failed


    Unknown Error Occured
    Cable is not powered-on

13:28:29 ERROR : Unexpected error while launching program.
com.xilinx.sdk.targetmanager.TMException: Connection to Board Failed


    Unknown Error Occured
    Cable is not powered-on

	at com.xilinx.sdk.targetmanager.internal.TM.isFPGAConfigured(TM.java:374)
	at com.xilinx.sdk.debug.core.XilinxAppLaunchConfigurationDelegate.isFpgaConfigured(XilinxAppLaunchConfigurationDelegate.java:409)
	at com.xilinx.sdk.debug.core.XilinxAppLaunchConfigurationDelegate.launch(XilinxAppLaunchConfigurationDelegate.java:303)
	at com.xilinx.sdk.debug.ui.XilinxAppLaunchDelegateWrapper.launch(XilinxAppLaunchDelegateWrapper.java:31)
	at org.eclipse.debug.internal.core.LaunchConfiguration.launch(LaunchConfiguration.java:885)
	at org.eclipse.debug.internal.core.LaunchConfiguration.launch(LaunchConfiguration.java:739)
	at org.eclipse.debug.internal.ui.DebugUIPlugin.buildAndLaunch(DebugUIPlugin.java:1039)
	at org.eclipse.debug.internal.ui.DebugUIPlugin$8.run(DebugUIPlugin.java:1256)
	at org.eclipse.core.internal.jobs.Worker.run(Worker.java:55)
13:28:40 INFO  : Processor reset is completed for ps7_cortexa9_0
14:46:46 INFO  : Processor reset is completed for ps7_cortexa9_0
14:51:14 INFO  : Processor reset is completed for ps7_cortexa9_0
14:55:29 INFO  : Processor reset is completed for ps7_cortexa9_0
15:07:05 ERROR : Unexpected error while parsing XMD response ?: com.google.gson.JsonSyntaxException: com.google.gson.stream.MalformedJsonException: invalid number or unquoted string near 
22:32:04 INFO  : Registering command handlers for SDK TCF services
22:32:04 INFO  : Launching XSCT server: xsct.bat -interactive C:\dev\Git\week3\Space_Invaders\temp_xsdb_launch_script.tcl
22:32:06 INFO  : XSCT server has started successfully.
22:32:12 INFO  : Successfully done setting XSCT server connection channel  
22:32:12 INFO  : Successfully done setting SDK workspace  
22:47:17 INFO  : Connected to target on host '127.0.0.1' and port '3121'.
22:47:19 INFO  : 'targets -set -filter {jtag_cable_name =~ "Digilent Zybo 210279573139A" && level==0} -index 1' command is executed.
22:47:21 INFO  : FPGA configured successfully with bitstream "C:/dev/Git/week3/Space_Invaders/hdmi-in.sdk/hdmi_in_wrapper_hw_platform_1/hdmi_in_wrapper.bit"
22:47:38 INFO  : ps7_init is completed.
22:47:38 INFO  : ps7_post_config is completed.
22:47:38 INFO  : Processor reset is completed for ps7_cortexa9_0
23:02:30 INFO  : Processor reset is completed for ps7_cortexa9_0
23:02:39 INFO  : ps7_cortexa9_0 Processor is in use. Please stop existing Run or Debug sessions before launching.
23:02:41 INFO  : Processor reset is completed for ps7_cortexa9_0
23:06:13 INFO  : Processor reset is completed for ps7_cortexa9_0
23:10:20 INFO  : Processor reset is completed for ps7_cortexa9_0
23:15:38 INFO  : Processor reset is completed for ps7_cortexa9_0
23:16:27 INFO  : Processor reset is completed for ps7_cortexa9_0
23:17:34 INFO  : ps7_cortexa9_0 Processor is in use. Please stop existing Run or Debug sessions before launching.
23:17:37 INFO  : Processor reset is completed for ps7_cortexa9_0
23:18:37 INFO  : Processor reset is completed for ps7_cortexa9_0
23:26:45 INFO  : Processor reset is completed for ps7_cortexa9_0
23:29:07 ERROR : Unexpected error while parsing XMD response ?: com.google.gson.JsonSyntaxException: com.google.gson.stream.MalformedJsonException: invalid number or unquoted string near 
08:11:56 INFO  : Registering command handlers for SDK TCF services
08:11:56 INFO  : Launching XSCT server: xsct.bat -interactive C:\dev\Git\week3\Space_Invaders\temp_xsdb_launch_script.tcl
08:11:59 INFO  : XSCT server has started successfully.
08:12:04 INFO  : Successfully done setting XSCT server connection channel  
08:12:04 INFO  : Successfully done setting SDK workspace  
08:25:57 INFO  : Connected to target on host '127.0.0.1' and port '3121'.
08:25:59 INFO  : 'targets -set -filter {jtag_cable_name =~ "Digilent Zybo 210279573139A" && level==0} -index 1' command is executed.
08:26:01 INFO  : FPGA configured successfully with bitstream "C:/dev/Git/week3/Space_Invaders/hdmi-in.sdk/hdmi_in_wrapper_hw_platform_1/hdmi_in_wrapper.bit"
08:26:43 INFO  : ps7_init is completed.
08:26:43 INFO  : ps7_post_config is completed.
08:26:43 INFO  : Processor reset is completed for ps7_cortexa9_0
08:43:00 INFO  : Processor reset is completed for ps7_cortexa9_0
08:53:14 INFO  : Processor reset is completed for ps7_cortexa9_0
08:59:16 INFO  : Processor reset is completed for ps7_cortexa9_0
09:01:34 INFO  : Processor reset is completed for ps7_cortexa9_0
09:03:56 INFO  : Processor reset is completed for ps7_cortexa9_0
09:04:49 INFO  : Processor reset is completed for ps7_cortexa9_0
09:06:24 INFO  : Processor reset is completed for ps7_cortexa9_0
09:07:54 INFO  : Processor reset is completed for ps7_cortexa9_0
09:08:50 INFO  : Processor reset is completed for ps7_cortexa9_0
09:36:38 INFO  : Processor reset is completed for ps7_cortexa9_0
09:42:04 INFO  : Processor reset is completed for ps7_cortexa9_0
09:52:56 INFO  : Processor reset is completed for ps7_cortexa9_0
10:00:28 INFO  : Processor reset is completed for ps7_cortexa9_0
10:09:24 INFO  : Processor reset is completed for ps7_cortexa9_0
10:13:45 INFO  : Processor reset is completed for ps7_cortexa9_0
10:19:06 INFO  : Processor reset is completed for ps7_cortexa9_0
10:21:57 INFO  : Processor reset is completed for ps7_cortexa9_0
10:24:07 INFO  : ps7_cortexa9_0 Processor is in use. Please stop existing Run or Debug sessions before launching.
10:24:09 INFO  : Processor reset is completed for ps7_cortexa9_0
10:27:24 INFO  : Processor reset is completed for ps7_cortexa9_0
10:29:38 INFO  : Processor reset is completed for ps7_cortexa9_0
10:30:35 INFO  : Processor reset is completed for ps7_cortexa9_0
10:48:55 INFO  : Processor reset is completed for ps7_cortexa9_0
10:55:05 INFO  : Processor reset is completed for ps7_cortexa9_0
10:58:22 INFO  : Processor reset is completed for ps7_cortexa9_0
11:00:10 INFO  : Processor reset is completed for ps7_cortexa9_0
11:00:29 INFO  : ps7_cortexa9_0 Processor is in use. Please stop existing Run or Debug sessions before launching.
11:00:31 INFO  : Processor reset is completed for ps7_cortexa9_0
11:01:37 INFO  : Processor reset is completed for ps7_cortexa9_0
11:02:48 INFO  : ps7_cortexa9_0 Processor is in use. Please stop existing Run or Debug sessions before launching.
11:02:55 INFO  : ps7_cortexa9_0 Processor is in use. Please stop existing Run or Debug sessions before launching.
11:02:56 INFO  : Processor reset is completed for ps7_cortexa9_0
11:23:58 INFO  : ps7_cortexa9_0 Processor is in use. Please stop existing Run or Debug sessions before launching.
11:23:59 INFO  : Processor reset is completed for ps7_cortexa9_0
11:26:56 INFO  : Processor reset is completed for ps7_cortexa9_0
11:29:00 INFO  : Processor reset is completed for ps7_cortexa9_0
11:31:16 INFO  : Processor reset is completed for ps7_cortexa9_0
11:33:21 INFO  : Processor reset is completed for ps7_cortexa9_0
11:35:41 INFO  : Processor reset is completed for ps7_cortexa9_0
11:39:51 INFO  : Processor reset is completed for ps7_cortexa9_0
11:43:11 INFO  : Processor reset is completed for ps7_cortexa9_0
11:44:57 INFO  : Processor reset is completed for ps7_cortexa9_0
11:47:07 INFO  : Processor reset is completed for ps7_cortexa9_0
11:52:11 INFO  : Processor reset is completed for ps7_cortexa9_0
12:01:00 INFO  : Processor reset is completed for ps7_cortexa9_0
12:02:28 INFO  : Processor reset is completed for ps7_cortexa9_0
12:07:59 INFO  : Processor reset is completed for ps7_cortexa9_0
12:10:00 INFO  : Processor reset is completed for ps7_cortexa9_0
12:10:57 INFO  : Processor reset is completed for ps7_cortexa9_0
12:12:18 INFO  : Processor reset is completed for ps7_cortexa9_0
12:13:51 INFO  : Processor reset is completed for ps7_cortexa9_0
13:16:40 INFO  : Connected to target on host '127.0.0.1' and port '3121'.
13:16:41 INFO  : 'targets -set -filter {jtag_cable_name =~ "Digilent Zybo 210279573139A" && level==0} -index 1' command is executed.
13:16:43 INFO  : FPGA configured successfully with bitstream "C:/dev/Git/week3/Space_Invaders/hdmi-in.sdk/hdmi_in_wrapper_hw_platform_1/hdmi_in_wrapper.bit"
13:16:56 INFO  : ps7_init is completed.
13:16:57 INFO  : ps7_post_config is completed.
13:16:57 INFO  : Processor reset is completed for ps7_cortexa9_0
13:19:33 INFO  : Processor reset is completed for ps7_cortexa9_0
13:20:08 INFO  : ps7_cortexa9_0 Processor is in use. Please stop existing Run or Debug sessions before launching.
13:20:09 INFO  : Processor reset is completed for ps7_cortexa9_0
13:21:54 INFO  : ps7_cortexa9_0 Processor is in use. Please stop existing Run or Debug sessions before launching.
13:21:55 INFO  : Processor reset is completed for ps7_cortexa9_0
13:23:15 INFO  : Processor reset is completed for ps7_cortexa9_0
13:23:49 INFO  : Time out for XMD transaction is 60000
If you want to increase the timeout value, goto Windows-> Preferences -> Xilinx SDK -> XMD Startup
13:23:49 ERROR : Timeout occured while waiting to get reply for command "xstop 64"
13:24:22 INFO  : Processor reset is completed for ps7_cortexa9_0
16:43:09 ERROR : Unexpected error while parsing XMD response ?: com.google.gson.JsonSyntaxException: com.google.gson.stream.MalformedJsonException: invalid number or unquoted string near 
