#-----------------------------------------------------------
# Vivado v2017.2 (64-bit)
# SW Build 1909853 on Thu Jun 15 18:39:09 MDT 2017
# IP Build 1909766 on Thu Jun 15 19:58:00 MDT 2017
# Start of session at: Tue Apr 14 21:02:22 2020
# Process ID: 7224
# Current directory: C:/Users/T420s/Dropbox/DTU/3. semester/3-ugers/code/week3/Space_Invaders
# Command line: vivado.exe -gui_launcher_event rodinguilauncherevent4180 C:\Users\T420s\Dropbox\DTU\3. semester\3-ugers\code\week3\Space_Invaders\hdmi-in.xpr
# Log file: C:/Users/T420s/Dropbox/DTU/3. semester/3-ugers/code/week3/Space_Invaders/vivado.log
# Journal file: C:/Users/T420s/Dropbox/DTU/3. semester/3-ugers/code/week3/Space_Invaders\vivado.jou
#-----------------------------------------------------------
start_gui
open_project {C:/Users/T420s/Dropbox/DTU/3. semester/3-ugers/code/week3/Space_Invaders/hdmi-in.xpr}
INFO: [Project 1-313] Project file moved from 'C:/dev/Git/project_v1/week3/Space_Invaders' since last save.
Scanning sources...
Finished scanning sources
WARNING: [filemgmt 56-2] IPUserFilesDir: Could not find the directory 'C:/Users/T420s/Dropbox/DTU/3. semester/3-ugers/code/week3/Space_Invaders/hdmi-in.ip_user_files', nor could it be found using path 'C:/dev/Git/project_v1/week3/Space_Invaders/hdmi-in.ip_user_files'.
INFO: [IP_Flow 19-234] Refreshing IP repositories
INFO: [IP_Flow 19-1700] Loaded user IP repository 'c:/Users/T420s/Dropbox/DTU/3. semester/3-ugers/code/week3/Space_Invaders/hdmi-in.ipdefs/repo_0_0'.
INFO: [Common 17-41] Interrupt caught. Command should exit soon.
INFO: [IP_Flow 19-2313] Loaded Vivado IP repository 'C:/Xilinx/Vivado/2017.2/data/ip'.
ERROR: [BD 41-69] Error sourcing TCL script: 
    while executing
"source -notrace {C:/Xilinx/Vivado/2017.2/data/rsb/busdef/AXIMM/busdef.tcl} "
    (in namespace eval "::xilinx.com_ip_aximm_1.0" script line 1)
    invoked from within
"namespace eval ::xilinx.com_ip_aximm_1.0 { source -notrace {C:/Xilinx/Vivado/2017.2/data/rsb/busdef/AXIMM/busdef.tcl} }"
ERROR: [BD 41-69] Error sourcing TCL script: 
    while executing
"source -notrace {C:/Xilinx/Vivado/2017.2/data/rsb/busdef/clock_signal/busdef.tcl} "
    (in namespace eval "::xilinx.com_ip_clock_signal_1.0" script line 1)
    invoked from within
"namespace eval ::xilinx.com_ip_clock_signal_1.0 { source -notrace {C:/Xilinx/Vivado/2017.2/data/rsb/busdef/clock_signal/busdef.tcl} }"
INFO: [Common 17-344] 'open_project' was cancelled
exit
INFO: [Common 17-206] Exiting Vivado at Tue Apr 14 21:02:50 2020...
