
*** Running vivado
    with args -log hdmi_in_s01_regslice_0.vds -m64 -product Vivado -mode batch -messageDb vivado.pb -notrace -source hdmi_in_s01_regslice_0.tcl


****** Vivado v2017.2 (64-bit)
  **** SW Build 1909853 on Thu Jun 15 18:39:09 MDT 2017
  **** IP Build 1909766 on Thu Jun 15 19:58:00 MDT 2017
    ** Copyright 1986-2017 Xilinx, Inc. All Rights Reserved.

source hdmi_in_s01_regslice_0.tcl -notrace
Starting RTL Elaboration : Time (s): cpu = 00:00:06 ; elapsed = 00:00:08 . Memory (MB): peak = 321.410 ; gain = 80.492
INFO: [Synth 8-638] synthesizing module 'hdmi_in_s01_regslice_0' [c:/dev/Git/project_v1/week3/Space_Invaders/hdmi-in.srcs/sources_1/bd/hdmi_in/ip/hdmi_in_s01_regslice_0/synth/hdmi_in_s01_regslice_0.v:58]
INFO: [Synth 8-638] synthesizing module 'axi_register_slice_v2_1_13_axi_register_slice' [c:/dev/Git/project_v1/week3/Space_Invaders/hdmi-in.srcs/sources_1/bd/hdmi_in/ipshared/55c0/hdl/axi_register_slice_v2_1_vl_rfs.v:791]
INFO: [Synth 8-638] synthesizing module 'axi_infrastructure_v1_1_0_axi2vector' [c:/dev/Git/project_v1/week3/Space_Invaders/hdmi-in.srcs/sources_1/bd/hdmi_in/ipshared/7e3a/hdl/axi_infrastructure_v1_1_vl_rfs.v:60]
INFO: [Synth 8-256] done synthesizing module 'axi_infrastructure_v1_1_0_axi2vector' (1#1) [c:/dev/Git/project_v1/week3/Space_Invaders/hdmi-in.srcs/sources_1/bd/hdmi_in/ipshared/7e3a/hdl/axi_infrastructure_v1_1_vl_rfs.v:60]
INFO: [Synth 8-638] synthesizing module 'axi_register_slice_v2_1_13_axic_register_slice' [c:/dev/Git/project_v1/week3/Space_Invaders/hdmi-in.srcs/sources_1/bd/hdmi_in/ipshared/55c0/hdl/axi_register_slice_v2_1_vl_rfs.v:85]
INFO: [Synth 8-256] done synthesizing module 'axi_register_slice_v2_1_13_axic_register_slice' (2#1) [c:/dev/Git/project_v1/week3/Space_Invaders/hdmi-in.srcs/sources_1/bd/hdmi_in/ipshared/55c0/hdl/axi_register_slice_v2_1_vl_rfs.v:85]
INFO: [Synth 8-638] synthesizing module 'axi_register_slice_v2_1_13_axic_register_slice__parameterized0' [c:/dev/Git/project_v1/week3/Space_Invaders/hdmi-in.srcs/sources_1/bd/hdmi_in/ipshared/55c0/hdl/axi_register_slice_v2_1_vl_rfs.v:85]
INFO: [Synth 8-256] done synthesizing module 'axi_register_slice_v2_1_13_axic_register_slice__parameterized0' (2#1) [c:/dev/Git/project_v1/week3/Space_Invaders/hdmi-in.srcs/sources_1/bd/hdmi_in/ipshared/55c0/hdl/axi_register_slice_v2_1_vl_rfs.v:85]
INFO: [Synth 8-638] synthesizing module 'axi_register_slice_v2_1_13_axic_register_slice__parameterized1' [c:/dev/Git/project_v1/week3/Space_Invaders/hdmi-in.srcs/sources_1/bd/hdmi_in/ipshared/55c0/hdl/axi_register_slice_v2_1_vl_rfs.v:85]
INFO: [Synth 8-256] done synthesizing module 'axi_register_slice_v2_1_13_axic_register_slice__parameterized1' (2#1) [c:/dev/Git/project_v1/week3/Space_Invaders/hdmi-in.srcs/sources_1/bd/hdmi_in/ipshared/55c0/hdl/axi_register_slice_v2_1_vl_rfs.v:85]
INFO: [Synth 8-638] synthesizing module 'axi_register_slice_v2_1_13_axic_register_slice__parameterized2' [c:/dev/Git/project_v1/week3/Space_Invaders/hdmi-in.srcs/sources_1/bd/hdmi_in/ipshared/55c0/hdl/axi_register_slice_v2_1_vl_rfs.v:85]
INFO: [Synth 8-256] done synthesizing module 'axi_register_slice_v2_1_13_axic_register_slice__parameterized2' (2#1) [c:/dev/Git/project_v1/week3/Space_Invaders/hdmi-in.srcs/sources_1/bd/hdmi_in/ipshared/55c0/hdl/axi_register_slice_v2_1_vl_rfs.v:85]
INFO: [Synth 8-638] synthesizing module 'axi_register_slice_v2_1_13_axic_register_slice__parameterized3' [c:/dev/Git/project_v1/week3/Space_Invaders/hdmi-in.srcs/sources_1/bd/hdmi_in/ipshared/55c0/hdl/axi_register_slice_v2_1_vl_rfs.v:85]
INFO: [Synth 8-256] done synthesizing module 'axi_register_slice_v2_1_13_axic_register_slice__parameterized3' (2#1) [c:/dev/Git/project_v1/week3/Space_Invaders/hdmi-in.srcs/sources_1/bd/hdmi_in/ipshared/55c0/hdl/axi_register_slice_v2_1_vl_rfs.v:85]
INFO: [Synth 8-638] synthesizing module 'axi_infrastructure_v1_1_0_vector2axi' [c:/dev/Git/project_v1/week3/Space_Invaders/hdmi-in.srcs/sources_1/bd/hdmi_in/ipshared/7e3a/hdl/axi_infrastructure_v1_1_vl_rfs.v:474]
INFO: [Synth 8-256] done synthesizing module 'axi_infrastructure_v1_1_0_vector2axi' (3#1) [c:/dev/Git/project_v1/week3/Space_Invaders/hdmi-in.srcs/sources_1/bd/hdmi_in/ipshared/7e3a/hdl/axi_infrastructure_v1_1_vl_rfs.v:474]
INFO: [Synth 8-256] done synthesizing module 'axi_register_slice_v2_1_13_axi_register_slice' (4#1) [c:/dev/Git/project_v1/week3/Space_Invaders/hdmi-in.srcs/sources_1/bd/hdmi_in/ipshared/55c0/hdl/axi_register_slice_v2_1_vl_rfs.v:791]
INFO: [Synth 8-256] done synthesizing module 'hdmi_in_s01_regslice_0' (5#1) [c:/dev/Git/project_v1/week3/Space_Invaders/hdmi-in.srcs/sources_1/bd/hdmi_in/ip/hdmi_in_s01_regslice_0/synth/hdmi_in_s01_regslice_0.v:58]
Finished RTL Elaboration : Time (s): cpu = 00:00:08 ; elapsed = 00:00:11 . Memory (MB): peak = 361.668 ; gain = 120.750
Finished RTL Optimization Phase 1 : Time (s): cpu = 00:00:08 ; elapsed = 00:00:11 . Memory (MB): peak = 361.668 ; gain = 120.750
INFO: [Device 21-403] Loading part xc7z010clg400-1
Constraint Validation Runtime : Time (s): cpu = 00:00:00 ; elapsed = 00:00:00.047 . Memory (MB): peak = 665.906 ; gain = 0.000
Finished Constraint Validation : Time (s): cpu = 00:00:26 ; elapsed = 00:00:34 . Memory (MB): peak = 665.906 ; gain = 424.988
Finished Loading Part and Timing Information : Time (s): cpu = 00:00:26 ; elapsed = 00:00:34 . Memory (MB): peak = 665.906 ; gain = 424.988
Finished applying 'set_property' XDC Constraints : Time (s): cpu = 00:00:26 ; elapsed = 00:00:34 . Memory (MB): peak = 665.906 ; gain = 424.988
Finished RTL Optimization Phase 2 : Time (s): cpu = 00:00:27 ; elapsed = 00:00:34 . Memory (MB): peak = 665.906 ; gain = 424.988
Finished Cross Boundary and Area Optimization : Time (s): cpu = 00:00:27 ; elapsed = 00:00:35 . Memory (MB): peak = 665.906 ; gain = 424.988
Finished Applying XDC Timing Constraints : Time (s): cpu = 00:00:50 ; elapsed = 00:01:01 . Memory (MB): peak = 665.906 ; gain = 424.988
Finished Timing Optimization : Time (s): cpu = 00:00:51 ; elapsed = 00:01:01 . Memory (MB): peak = 665.906 ; gain = 424.988
Finished Technology Mapping : Time (s): cpu = 00:00:51 ; elapsed = 00:01:01 . Memory (MB): peak = 665.906 ; gain = 424.988
Finished IO Insertion : Time (s): cpu = 00:00:52 ; elapsed = 00:01:03 . Memory (MB): peak = 665.906 ; gain = 424.988
Finished Renaming Generated Instances : Time (s): cpu = 00:00:52 ; elapsed = 00:01:03 . Memory (MB): peak = 665.906 ; gain = 424.988
Finished Rebuilding User Hierarchy : Time (s): cpu = 00:00:52 ; elapsed = 00:01:03 . Memory (MB): peak = 665.906 ; gain = 424.988
Finished Renaming Generated Ports : Time (s): cpu = 00:00:52 ; elapsed = 00:01:03 . Memory (MB): peak = 665.906 ; gain = 424.988
Finished Handling Custom Attributes : Time (s): cpu = 00:00:52 ; elapsed = 00:01:03 . Memory (MB): peak = 665.906 ; gain = 424.988
Finished Renaming Generated Nets : Time (s): cpu = 00:00:52 ; elapsed = 00:01:03 . Memory (MB): peak = 665.906 ; gain = 424.988

Report Cell Usage: 
+------+-----+------+
|      |Cell |Count |
+------+-----+------+
|1     |LUT1 |     1|
|2     |LUT2 |     2|
|3     |LUT3 |    36|
|4     |LUT4 |     1|
|5     |LUT5 |     3|
|6     |FDRE |   140|
+------+-----+------+
Finished Writing Synthesis Report : Time (s): cpu = 00:00:52 ; elapsed = 00:01:03 . Memory (MB): peak = 665.906 ; gain = 424.988
synth_design: Time (s): cpu = 00:00:55 ; elapsed = 00:01:06 . Memory (MB): peak = 665.906 ; gain = 428.617
