
*** Running vivado
    with args -log hdmi_in_s00_regslice_0.vds -m64 -product Vivado -mode batch -messageDb vivado.pb -notrace -source hdmi_in_s00_regslice_0.tcl


****** Vivado v2017.2 (64-bit)
  **** SW Build 1909853 on Thu Jun 15 18:39:09 MDT 2017
  **** IP Build 1909766 on Thu Jun 15 19:58:00 MDT 2017
    ** Copyright 1986-2017 Xilinx, Inc. All Rights Reserved.

source hdmi_in_s00_regslice_0.tcl -notrace
Starting RTL Elaboration : Time (s): cpu = 00:00:06 ; elapsed = 00:00:08 . Memory (MB): peak = 322.219 ; gain = 81.422
INFO: [Synth 8-638] synthesizing module 'hdmi_in_s00_regslice_0' [c:/dev/Git/project_v1/week3/Space_Invaders/hdmi-in.srcs/sources_1/bd/hdmi_in/ip/hdmi_in_s00_regslice_0/synth/hdmi_in_s00_regslice_0.v:58]
INFO: [Synth 8-638] synthesizing module 'axi_register_slice_v2_1_13_axi_register_slice' [c:/dev/Git/project_v1/week3/Space_Invaders/hdmi-in.srcs/sources_1/bd/hdmi_in/ipshared/55c0/hdl/axi_register_slice_v2_1_vl_rfs.v:791]
INFO: [Synth 8-638] synthesizing module 'axi_infrastructure_v1_1_0_axi2vector' [c:/dev/Git/project_v1/week3/Space_Invaders/hdmi-in.srcs/sources_1/bd/hdmi_in/ipshared/7e3a/hdl/axi_infrastructure_v1_1_vl_rfs.v:60]
INFO: [Synth 8-256] done synthesizing module 'axi_infrastructure_v1_1_0_axi2vector' (1#1) [c:/dev/Git/project_v1/week3/Space_Invaders/hdmi-in.srcs/sources_1/bd/hdmi_in/ipshared/7e3a/hdl/axi_infrastructure_v1_1_vl_rfs.v:60]
INFO: [Synth 8-638] synthesizing module 'axi_register_slice_v2_1_13_axic_register_slice' [c:/dev/Git/project_v1/week3/Space_Invaders/hdmi-in.srcs/sources_1/bd/hdmi_in/ipshared/55c0/hdl/axi_register_slice_v2_1_vl_rfs.v:85]
INFO: [Synth 8-256] done synthesizing module 'axi_register_slice_v2_1_13_axic_register_slice' (2#1) [c:/dev/Git/project_v1/week3/Space_Invaders/hdmi-in.srcs/sources_1/bd/hdmi_in/ipshared/55c0/hdl/axi_register_slice_v2_1_vl_rfs.v:85]
INFO: [Synth 8-638] synthesizing module 'axi_register_slice_v2_1_13_axic_register_slice__parameterized0' [c:/dev/Git/project_v1/week3/Space_Invaders/hdmi-in.srcs/sources_1/bd/hdmi_in/ipshared/55c0/hdl/axi_register_slice_v2_1_vl_rfs.v:85]
INFO: [Synth 8-256] done synthesizing module 'axi_register_slice_v2_1_13_axic_register_slice__parameterized0' (2#1) [c:/dev/Git/project_v1/week3/Space_Invaders/hdmi-in.srcs/sources_1/bd/hdmi_in/ipshared/55c0/hdl/axi_register_slice_v2_1_vl_rfs.v:85]
INFO: [Synth 8-638] synthesizing module 'axi_register_slice_v2_1_13_axic_register_slice__parameterized1' [c:/dev/Git/project_v1/week3/Space_Invaders/hdmi-in.srcs/sources_1/bd/hdmi_in/ipshared/55c0/hdl/axi_register_slice_v2_1_vl_rfs.v:85]
INFO: [Synth 8-256] done synthesizing module 'axi_register_slice_v2_1_13_axic_register_slice__parameterized1' (2#1) [c:/dev/Git/project_v1/week3/Space_Invaders/hdmi-in.srcs/sources_1/bd/hdmi_in/ipshared/55c0/hdl/axi_register_slice_v2_1_vl_rfs.v:85]
INFO: [Synth 8-638] synthesizing module 'axi_register_slice_v2_1_13_axic_register_slice__parameterized2' [c:/dev/Git/project_v1/week3/Space_Invaders/hdmi-in.srcs/sources_1/bd/hdmi_in/ipshared/55c0/hdl/axi_register_slice_v2_1_vl_rfs.v:85]
INFO: [Synth 8-256] done synthesizing module 'axi_register_slice_v2_1_13_axic_register_slice__parameterized2' (2#1) [c:/dev/Git/project_v1/week3/Space_Invaders/hdmi-in.srcs/sources_1/bd/hdmi_in/ipshared/55c0/hdl/axi_register_slice_v2_1_vl_rfs.v:85]
INFO: [Synth 8-638] synthesizing module 'axi_register_slice_v2_1_13_axic_register_slice__parameterized3' [c:/dev/Git/project_v1/week3/Space_Invaders/hdmi-in.srcs/sources_1/bd/hdmi_in/ipshared/55c0/hdl/axi_register_slice_v2_1_vl_rfs.v:85]
INFO: [Synth 8-256] done synthesizing module 'axi_register_slice_v2_1_13_axic_register_slice__parameterized3' (2#1) [c:/dev/Git/project_v1/week3/Space_Invaders/hdmi-in.srcs/sources_1/bd/hdmi_in/ipshared/55c0/hdl/axi_register_slice_v2_1_vl_rfs.v:85]
INFO: [Synth 8-638] synthesizing module 'axi_infrastructure_v1_1_0_vector2axi' [c:/dev/Git/project_v1/week3/Space_Invaders/hdmi-in.srcs/sources_1/bd/hdmi_in/ipshared/7e3a/hdl/axi_infrastructure_v1_1_vl_rfs.v:474]
INFO: [Synth 8-256] done synthesizing module 'axi_infrastructure_v1_1_0_vector2axi' (3#1) [c:/dev/Git/project_v1/week3/Space_Invaders/hdmi-in.srcs/sources_1/bd/hdmi_in/ipshared/7e3a/hdl/axi_infrastructure_v1_1_vl_rfs.v:474]
INFO: [Synth 8-256] done synthesizing module 'axi_register_slice_v2_1_13_axi_register_slice' (4#1) [c:/dev/Git/project_v1/week3/Space_Invaders/hdmi-in.srcs/sources_1/bd/hdmi_in/ipshared/55c0/hdl/axi_register_slice_v2_1_vl_rfs.v:791]
INFO: [Synth 8-256] done synthesizing module 'hdmi_in_s00_regslice_0' (5#1) [c:/dev/Git/project_v1/week3/Space_Invaders/hdmi-in.srcs/sources_1/bd/hdmi_in/ip/hdmi_in_s00_regslice_0/synth/hdmi_in_s00_regslice_0.v:58]
Finished RTL Elaboration : Time (s): cpu = 00:00:08 ; elapsed = 00:00:10 . Memory (MB): peak = 362.293 ; gain = 121.496
Finished RTL Optimization Phase 1 : Time (s): cpu = 00:00:08 ; elapsed = 00:00:10 . Memory (MB): peak = 362.293 ; gain = 121.496
INFO: [Device 21-403] Loading part xc7z010clg400-1
Constraint Validation Runtime : Time (s): cpu = 00:00:00 ; elapsed = 00:00:00.055 . Memory (MB): peak = 667.129 ; gain = 0.000
Finished Constraint Validation : Time (s): cpu = 00:00:27 ; elapsed = 00:00:30 . Memory (MB): peak = 667.129 ; gain = 426.332
Finished Loading Part and Timing Information : Time (s): cpu = 00:00:27 ; elapsed = 00:00:30 . Memory (MB): peak = 667.129 ; gain = 426.332
Finished applying 'set_property' XDC Constraints : Time (s): cpu = 00:00:27 ; elapsed = 00:00:30 . Memory (MB): peak = 667.129 ; gain = 426.332
Finished RTL Optimization Phase 2 : Time (s): cpu = 00:00:27 ; elapsed = 00:00:30 . Memory (MB): peak = 667.129 ; gain = 426.332
Finished Cross Boundary and Area Optimization : Time (s): cpu = 00:00:28 ; elapsed = 00:00:31 . Memory (MB): peak = 667.129 ; gain = 426.332
Finished Applying XDC Timing Constraints : Time (s): cpu = 00:00:51 ; elapsed = 00:00:56 . Memory (MB): peak = 667.129 ; gain = 426.332
Finished Timing Optimization : Time (s): cpu = 00:00:51 ; elapsed = 00:00:56 . Memory (MB): peak = 667.129 ; gain = 426.332
Finished Technology Mapping : Time (s): cpu = 00:00:51 ; elapsed = 00:00:56 . Memory (MB): peak = 667.129 ; gain = 426.332
Finished IO Insertion : Time (s): cpu = 00:00:52 ; elapsed = 00:00:57 . Memory (MB): peak = 667.129 ; gain = 426.332
Finished Renaming Generated Instances : Time (s): cpu = 00:00:52 ; elapsed = 00:00:57 . Memory (MB): peak = 667.129 ; gain = 426.332
Finished Rebuilding User Hierarchy : Time (s): cpu = 00:00:53 ; elapsed = 00:00:57 . Memory (MB): peak = 667.129 ; gain = 426.332
Finished Renaming Generated Ports : Time (s): cpu = 00:00:53 ; elapsed = 00:00:57 . Memory (MB): peak = 667.129 ; gain = 426.332
Finished Handling Custom Attributes : Time (s): cpu = 00:00:53 ; elapsed = 00:00:57 . Memory (MB): peak = 667.129 ; gain = 426.332
Finished Renaming Generated Nets : Time (s): cpu = 00:00:53 ; elapsed = 00:00:57 . Memory (MB): peak = 667.129 ; gain = 426.332

Report Cell Usage: 
+------+-----+------+
|      |Cell |Count |
+------+-----+------+
|1     |LUT1 |     1|
|2     |LUT2 |     2|
|3     |LUT3 |    76|
|4     |LUT4 |     2|
|5     |LUT5 |     4|
|6     |FDRE |   219|
+------+-----+------+
Finished Writing Synthesis Report : Time (s): cpu = 00:00:53 ; elapsed = 00:00:57 . Memory (MB): peak = 667.129 ; gain = 426.332
synth_design: Time (s): cpu = 00:00:55 ; elapsed = 00:01:01 . Memory (MB): peak = 667.129 ; gain = 429.961
